[debug] [2022-04-12T03:41:01.330Z] ----------------------------------------------------------------------
[debug] [2022-04-12T03:41:01.331Z] Command:       /home/alec/.nvm/versions/node/v16.1.0/bin/node /home/alec/.nvm/versions/node/v16.1.0/bin/firebase emulators:start
[debug] [2022-04-12T03:41:01.332Z] CLI Version:   10.6.0
[debug] [2022-04-12T03:41:01.332Z] Platform:      linux
[debug] [2022-04-12T03:41:01.332Z] Node Version:  v16.1.0
[debug] [2022-04-12T03:41:01.332Z] Time:          Tue Apr 12 2022 13:41:01 GMT+1000 (Australian Eastern Standard Time)
[debug] [2022-04-12T03:41:01.332Z] ----------------------------------------------------------------------
[debug] 
[debug] [2022-04-12T03:41:01.383Z] > command requires scopes: ["email","openid","https://www.googleapis.com/auth/cloudplatformprojects.readonly","https://www.googleapis.com/auth/firebase","https://www.googleapis.com/auth/cloud-platform"]
[debug] [2022-04-12T03:41:01.383Z] > authorizing via signed-in user (alec.ntan@gmail.com)
[debug] [2022-04-12T03:41:01.436Z] openjdk version "11.0.14.1" 2022-02-08
OpenJDK Runtime Environment (build 11.0.14.1+1-Ubuntu-0ubuntu1.20.04)
OpenJDK 64-Bit Server VM (build 11.0.14.1+1-Ubuntu-0ubuntu1.20.04, mixed mode, sharing)

[debug] [2022-04-12T03:41:01.442Z] Parsed Java major version: 11
[info] i  emulators: Starting emulators: functions, firestore, hosting {"metadata":{"emulator":{"name":"hub"},"message":"Starting emulators: functions, firestore, hosting"}}
[debug] [2022-04-12T03:41:01.452Z] [hub] writing locator at /tmp/hub-my-bartender-4c41e.json
[warn] ⚠  functions: The following emulators are not running, calls to these services from the Functions emulator will affect production: auth, database, pubsub, storage {"metadata":{"emulator":{"name":"functions"},"message":"The following emulators are not running, calls to these services from the Functions emulator will affect production: \u001b[1mauth, database, pubsub, storage\u001b[22m"}}
[info] ✔  functions: Using node@16 from host. {"metadata":{"emulator":{"name":"functions"},"message":"Using node@16 from host."}}
[debug] [2022-04-12T03:41:01.473Z] defaultcredentials: writing to file /home/alec/.config/firebase/alec_ntan_gmail.com_application_default_credentials.json
[debug] [2022-04-12T03:41:01.474Z] Setting GAC to /home/alec/.config/firebase/alec_ntan_gmail.com_application_default_credentials.json {"metadata":{"emulator":{"name":"functions"},"message":"Setting GAC to /home/alec/.config/firebase/alec_ntan_gmail.com_application_default_credentials.json"}}
[debug] [2022-04-12T03:41:01.476Z] >>> [apiv2][query] GET https://firebase.googleapis.com/v1beta1/projects/my-bartender-4c41e/adminSdkConfig [none]
[debug] [2022-04-12T03:41:02.236Z] <<< [apiv2][status] GET https://firebase.googleapis.com/v1beta1/projects/my-bartender-4c41e/adminSdkConfig 200
[debug] [2022-04-12T03:41:02.236Z] <<< [apiv2][body] GET https://firebase.googleapis.com/v1beta1/projects/my-bartender-4c41e/adminSdkConfig {"projectId":"my-bartender-4c41e","storageBucket":"my-bartender-4c41e.appspot.com","locationId":"australia-southeast1"}
[debug] [2022-04-12T03:41:02.250Z] Ignoring unsupported arg: projectId {"metadata":{"emulator":{"name":"firestore"},"message":"Ignoring unsupported arg: projectId"}}
[debug] [2022-04-12T03:41:02.250Z] Ignoring unsupported arg: auto_download {"metadata":{"emulator":{"name":"firestore"},"message":"Ignoring unsupported arg: auto_download"}}
[debug] [2022-04-12T03:41:02.250Z] Starting Firestore Emulator with command {"binary":"java","args":["-Dgoogle.cloud_firestore.debug_log_level=FINE","-Duser.language=en","-jar","/home/alec/.cache/firebase/emulators/cloud-firestore-emulator-v1.14.1.jar","--host","localhost","--port",8080,"--rules","/home/alec/Desktop/dev/projects/my_bartender/app/firestore.rules","--functions_emulator","localhost:5001"],"optionalArgs":["port","webchannel_port","host","rules","functions_emulator","seed_from_export"],"joinArgs":false} {"metadata":{"emulator":{"name":"firestore"},"message":"Starting Firestore Emulator with command {\"binary\":\"java\",\"args\":[\"-Dgoogle.cloud_firestore.debug_log_level=FINE\",\"-Duser.language=en\",\"-jar\",\"/home/alec/.cache/firebase/emulators/cloud-firestore-emulator-v1.14.1.jar\",\"--host\",\"localhost\",\"--port\",8080,\"--rules\",\"/home/alec/Desktop/dev/projects/my_bartender/app/firestore.rules\",\"--functions_emulator\",\"localhost:5001\"],\"optionalArgs\":[\"port\",\"webchannel_port\",\"host\",\"rules\",\"functions_emulator\",\"seed_from_export\"],\"joinArgs\":false}"}}
[info] i  firestore: Firestore Emulator logging to firestore-debug.log {"metadata":{"emulator":{"name":"firestore"},"message":"Firestore Emulator logging to \u001b[1mfirestore-debug.log\u001b[22m"}}
[debug] [2022-04-12T03:41:03.200Z] Apr. 12, 2022 1:41:03 PM com.google.cloud.datastore.emulator.firestore.websocket.WebSocketServer start
INFO: Started WebSocket server on ws://localhost:44705
 {"metadata":{"emulator":{"name":"firestore"},"message":"Apr. 12, 2022 1:41:03 PM com.google.cloud.datastore.emulator.firestore.websocket.WebSocketServer start\nINFO: Started WebSocket server on ws://localhost:44705\n"}}
[debug] [2022-04-12T03:41:03.254Z] API endpoint: http:// {"metadata":{"emulator":{"name":"firestore"},"message":"API endpoint: http://"}}
[debug] [2022-04-12T03:41:03.255Z] localhost:8080
If you are using a library that supports the FIRESTORE_EMULATOR_HOST environment variable, run:

   export FIRESTORE_EMULATOR_HOST=localhost:8080

Dev App Server is now running.

 {"metadata":{"emulator":{"name":"firestore"},"message":"localhost:8080\nIf you are using a library that supports the FIRESTORE_EMULATOR_HOST environment variable, run:\n\n   export FIRESTORE_EMULATOR_HOST=localhost:8080\n\nDev App Server is now running.\n\n"}}
[debug] [2022-04-12T03:41:03.269Z] >>> [apiv2][query] GET https://firebasehosting.googleapis.com/v1beta1/projects/my-bartender-4c41e/sites 
[debug] [2022-04-12T03:41:04.909Z] <<< [apiv2][status] GET https://firebasehosting.googleapis.com/v1beta1/projects/my-bartender-4c41e/sites 200
[debug] [2022-04-12T03:41:04.910Z] <<< [apiv2][body] GET https://firebasehosting.googleapis.com/v1beta1/projects/my-bartender-4c41e/sites {"sites":[{"name":"projects/250229161993/sites/my-bartender-4c41e","defaultUrl":"https://my-bartender-4c41e.web.app","type":"DEFAULT_SITE"}]}
[debug] [2022-04-12T03:41:04.910Z] >>> [apiv2][query] GET https://firebase.googleapis.com/v1beta1/projects/my-bartender-4c41e/webApps/-/config [none]
[debug] [2022-04-12T03:41:06.085Z] <<< [apiv2][status] GET https://firebase.googleapis.com/v1beta1/projects/my-bartender-4c41e/webApps/-/config 200
[debug] [2022-04-12T03:41:06.086Z] <<< [apiv2][body] GET https://firebase.googleapis.com/v1beta1/projects/my-bartender-4c41e/webApps/-/config {"projectId":"my-bartender-4c41e","appId":"1:250229161993:web:57fdadbe8ccdd4b18b38d8","storageBucket":"my-bartender-4c41e.appspot.com","locationId":"australia-southeast1","apiKey":"AIzaSyDEnPMUrna7p6WtpMl7cXYlzhgHp0NJm64","authDomain":"my-bartender-4c41e.firebaseapp.com","messagingSenderId":"250229161993","measurementId":"G-1NETDTZE48"}
[info] i  hosting: Serving hosting files from: build {"metadata":{"emulator":{"name":"hosting"},"message":"Serving hosting files from: \u001b[1mbuild\u001b[22m"}}
[info] ✔  hosting: Local server: http://localhost:5000 {"metadata":{"emulator":{"name":"hosting"},"message":"Local server: \u001b[4m\u001b[1mhttp://localhost:5000\u001b[22m\u001b[24m"}}
[debug] [2022-04-12T03:41:06.112Z] Ignoring unsupported arg: auto_download {"metadata":{"emulator":{"name":"ui"},"message":"Ignoring unsupported arg: auto_download"}}
[debug] [2022-04-12T03:41:06.112Z] Ignoring unsupported arg: port {"metadata":{"emulator":{"name":"ui"},"message":"Ignoring unsupported arg: port"}}
[debug] [2022-04-12T03:41:06.112Z] Starting Emulator UI with command {"binary":"node","args":["/home/alec/.cache/firebase/emulators/ui-v1.6.5/server.bundle.js"],"optionalArgs":[],"joinArgs":false} {"metadata":{"emulator":{"name":"ui"},"message":"Starting Emulator UI with command {\"binary\":\"node\",\"args\":[\"/home/alec/.cache/firebase/emulators/ui-v1.6.5/server.bundle.js\"],\"optionalArgs\":[],\"joinArgs\":false}"}}
[info] i  ui: Emulator UI logging to ui-debug.log {"metadata":{"emulator":{"name":"ui"},"message":"Emulator UI logging to \u001b[1mui-debug.log\u001b[22m"}}
[debug] [2022-04-12T03:41:06.204Z] Web / API server started at localhost:4000
 {"metadata":{"emulator":{"name":"ui"},"message":"Web / API server started at localhost:4000\n"}}
[info] i  functions: Watching "/home/alec/Desktop/dev/projects/my_bartender/app/functions" for Cloud Functions... {"metadata":{"emulator":{"name":"functions"},"message":"Watching \"/home/alec/Desktop/dev/projects/my_bartender/app/functions\" for Cloud Functions..."}}
[debug] [2022-04-12T03:41:06.375Z] Validating nodejs source
[debug] [2022-04-12T03:41:07.482Z] > [functions] package.json contents: {
  "name": "functions",
  "description": "Cloud Functions for Firebase",
  "scripts": {
    "lint": "eslint",
    "serve": "firebase emulators:start --only functions",
    "shell": "firebase functions:shell",
    "start": "npm run shell",
    "deploy": "firebase deploy --only functions",
    "logs": "firebase functions:log"
  },
  "engines": {
    "node": "16"
  },
  "main": "index.js",
  "dependencies": {
    "axios": "^0.26.1",
    "firebase-admin": "^10.0.2",
    "firebase-functions": "^3.18.0"
  },
  "devDependencies": {
    "eslint": "^8.9.0",
    "eslint-config-google": "^0.14.0",
    "firebase-functions-test": "^0.2.0"
  },
  "private": true
}
[debug] [2022-04-12T03:41:07.482Z] Building nodejs source
[debug] [2022-04-12T03:41:07.482Z] Analyzing nodejs backend spec
[info] ✔  functions[us-central1-getDrinks]: http function initialized (http://localhost:5001/my-bartender-4c41e/us-central1/getDrinks). {"metadata":{"emulator":{"name":"functions"},"message":"\u001b[1mhttp\u001b[22m function initialized (http://localhost:5001/my-bartender-4c41e/us-central1/getDrinks)."}}
[info] 
┌─────────────────────────────────────────────────────────────┐
│ ✔  All emulators ready! It is now safe to connect your app. │
│ i  View Emulator UI at http://localhost:4000                │
└─────────────────────────────────────────────────────────────┘

┌───────────┬────────────────┬─────────────────────────────────┐
│ Emulator  │ Host:Port      │ View in Emulator UI             │
├───────────┼────────────────┼─────────────────────────────────┤
│ Functions │ localhost:5001 │ http://localhost:4000/functions │
├───────────┼────────────────┼─────────────────────────────────┤
│ Firestore │ localhost:8080 │ http://localhost:4000/firestore │
├───────────┼────────────────┼─────────────────────────────────┤
│ Hosting   │ localhost:5000 │ n/a                             │
└───────────┴────────────────┴─────────────────────────────────┘
  Emulator Hub running at localhost:4400
  Other reserved ports: 4500

Issues? Report them at https://github.com/firebase/firebase-tools/issues and attach the *-debug.log files.
 
[debug] [2022-04-12T03:41:12.680Z] [work-queue] {"queueLength":1,"workRunningCount":0}
[debug] [2022-04-12T03:41:12.680Z] [work-queue] {"queueLength":0,"workRunningCount":1}
[debug] [2022-04-12T03:41:12.680Z] Accepted request GET /my-bartender-4c41e/us-central1/getDrinks?params=gin --> us-central1-getDrinks
[info] i  functions: Loaded environment variables from .env. 
[debug] [2022-04-12T03:41:12.689Z] [worker-pool] addWorker(us-central1-getDrinks) {"metadata":{"emulator":{"name":"functions"},"message":"[worker-pool] addWorker(us-central1-getDrinks)"}}
[debug] [2022-04-12T03:41:12.690Z] [worker-pool] Adding worker with key us-central1-getDrinks, total=1 {"metadata":{"emulator":{"name":"functions"},"message":"[worker-pool] Adding worker with key us-central1-getDrinks, total=1"}}
[debug] [2022-04-12T03:41:12.690Z] [worker-pool] submitWork(triggerId=us-central1-getDrinks) {"metadata":{"emulator":{"name":"functions"},"message":"[worker-pool] submitWork(triggerId=us-central1-getDrinks)"}}
[debug] [2022-04-12T03:41:12.691Z] [worker-us-central1-getDrinks-3c01da4b-b17a-47a2-ad0d-d9a5088ebe98]: Assigning socketPath: /tmp/fire_emu_1713668.sock {"metadata":{"emulator":{"name":"functions"},"message":"[worker-us-central1-getDrinks-3c01da4b-b17a-47a2-ad0d-d9a5088ebe98]: Assigning socketPath: /tmp/fire_emu_1713668.sock"}}
[debug] [2022-04-12T03:41:12.691Z] [worker-us-central1-getDrinks-3c01da4b-b17a-47a2-ad0d-d9a5088ebe98]: BUSY {"metadata":{"emulator":{"name":"functions"},"message":"[worker-us-central1-getDrinks-3c01da4b-b17a-47a2-ad0d-d9a5088ebe98]: BUSY"}}
[debug] [2022-04-12T03:41:13.326Z] [runtime-status] [1713668] Functions runtime initialized. {"cwd":"/home/alec/Desktop/dev/projects/my_bartender/app/functions","node_version":"16.1.0"} {"metadata":{"emulator":{"name":"functions"},"function":{"name":"us-central1-getDrinks"},"extension":{},"message":"[runtime-status] [1713668] Functions runtime initialized. {\"cwd\":\"/home/alec/Desktop/dev/projects/my_bartender/app/functions\",\"node_version\":\"16.1.0\"}"}}
[debug] [2022-04-12T03:41:13.327Z] [runtime-status] [1713668] Disabled runtime features: undefined {"metadata":{"emulator":{"name":"functions"},"function":{"name":"us-central1-getDrinks"},"extension":{},"message":"[runtime-status] [1713668] Disabled runtime features: undefined"}}
[debug] [2022-04-12T03:41:13.328Z] [runtime-status] [1713668] Resolved module firebase-admin {"declared":true,"installed":true,"version":"10.0.2","resolution":"/home/alec/Desktop/dev/projects/my_bartender/app/functions/node_modules/firebase-admin/lib/index.js"} {"metadata":{"emulator":{"name":"functions"},"function":{"name":"us-central1-getDrinks"},"extension":{},"message":"[runtime-status] [1713668] Resolved module firebase-admin {\"declared\":true,\"installed\":true,\"version\":\"10.0.2\",\"resolution\":\"/home/alec/Desktop/dev/projects/my_bartender/app/functions/node_modules/firebase-admin/lib/index.js\"}"}}
[debug] [2022-04-12T03:41:13.329Z] [runtime-status] [1713668] Resolved module firebase-functions {"declared":true,"installed":true,"version":"3.20.0","resolution":"/home/alec/Desktop/dev/projects/my_bartender/app/functions/node_modules/firebase-functions/lib/index.js"} {"metadata":{"emulator":{"name":"functions"},"function":{"name":"us-central1-getDrinks"},"extension":{},"message":"[runtime-status] [1713668] Resolved module firebase-functions {\"declared\":true,\"installed\":true,\"version\":\"3.20.0\",\"resolution\":\"/home/alec/Desktop/dev/projects/my_bartender/app/functions/node_modules/firebase-functions/lib/index.js\"}"}}
[debug] [2022-04-12T03:41:13.329Z] [runtime-status] [1713668] Outgoing network have been stubbed. [{"name":"http","status":"mocked"},{"name":"http","status":"mocked"},{"name":"https","status":"mocked"},{"name":"https","status":"mocked"},{"name":"net","status":"mocked"}] {"metadata":{"emulator":{"name":"functions"},"function":{"name":"us-central1-getDrinks"},"extension":{},"message":"[runtime-status] [1713668] Outgoing network have been stubbed. [{\"name\":\"http\",\"status\":\"mocked\"},{\"name\":\"http\",\"status\":\"mocked\"},{\"name\":\"https\",\"status\":\"mocked\"},{\"name\":\"https\",\"status\":\"mocked\"},{\"name\":\"net\",\"status\":\"mocked\"}]"}}
[debug] [2022-04-12T03:41:13.330Z] [runtime-status] [1713668] Resolved module firebase-functions {"declared":true,"installed":true,"version":"3.20.0","resolution":"/home/alec/Desktop/dev/projects/my_bartender/app/functions/node_modules/firebase-functions/lib/index.js"} {"metadata":{"emulator":{"name":"functions"},"function":{"name":"us-central1-getDrinks"},"extension":{},"message":"[runtime-status] [1713668] Resolved module firebase-functions {\"declared\":true,\"installed\":true,\"version\":\"3.20.0\",\"resolution\":\"/home/alec/Desktop/dev/projects/my_bartender/app/functions/node_modules/firebase-functions/lib/index.js\"}"}}
[debug] [2022-04-12T03:41:13.369Z] [runtime-status] [1713668] Checked functions.config() {"config":{}} {"metadata":{"emulator":{"name":"functions"},"function":{"name":"us-central1-getDrinks"},"extension":{},"message":"[runtime-status] [1713668] Checked functions.config() {\"config\":{}}"}}
[debug] [2022-04-12T03:41:13.369Z] [runtime-status] [1713668] firebase-functions has been stubbed. {"functionsResolution":{"declared":true,"installed":true,"version":"3.20.0","resolution":"/home/alec/Desktop/dev/projects/my_bartender/app/functions/node_modules/firebase-functions/lib/index.js"}} {"metadata":{"emulator":{"name":"functions"},"function":{"name":"us-central1-getDrinks"},"extension":{},"message":"[runtime-status] [1713668] firebase-functions has been stubbed. {\"functionsResolution\":{\"declared\":true,\"installed\":true,\"version\":\"3.20.0\",\"resolution\":\"/home/alec/Desktop/dev/projects/my_bartender/app/functions/node_modules/firebase-functions/lib/index.js\"}}"}}
[debug] [2022-04-12T03:41:13.370Z] [runtime-status] [1713668] Resolved module firebase-functions {"declared":true,"installed":true,"version":"3.20.0","resolution":"/home/alec/Desktop/dev/projects/my_bartender/app/functions/node_modules/firebase-functions/lib/index.js"} {"metadata":{"emulator":{"name":"functions"},"function":{"name":"us-central1-getDrinks"},"extension":{},"message":"[runtime-status] [1713668] Resolved module firebase-functions {\"declared\":true,\"installed\":true,\"version\":\"3.20.0\",\"resolution\":\"/home/alec/Desktop/dev/projects/my_bartender/app/functions/node_modules/firebase-functions/lib/index.js\"}"}}
[debug] [2022-04-12T03:41:13.371Z] [runtime-status] [1713668] Resolved module firebase-admin {"declared":true,"installed":true,"version":"10.0.2","resolution":"/home/alec/Desktop/dev/projects/my_bartender/app/functions/node_modules/firebase-admin/lib/index.js"} {"metadata":{"emulator":{"name":"functions"},"function":{"name":"us-central1-getDrinks"},"extension":{},"message":"[runtime-status] [1713668] Resolved module firebase-admin {\"declared\":true,\"installed\":true,\"version\":\"10.0.2\",\"resolution\":\"/home/alec/Desktop/dev/projects/my_bartender/app/functions/node_modules/firebase-admin/lib/index.js\"}"}}
[debug] [2022-04-12T03:41:13.371Z] [runtime-status] [1713668] Resolved module firebase-functions {"declared":true,"installed":true,"version":"3.20.0","resolution":"/home/alec/Desktop/dev/projects/my_bartender/app/functions/node_modules/firebase-functions/lib/index.js"} {"metadata":{"emulator":{"name":"functions"},"function":{"name":"us-central1-getDrinks"},"extension":{},"message":"[runtime-status] [1713668] Resolved module firebase-functions {\"declared\":true,\"installed\":true,\"version\":\"3.20.0\",\"resolution\":\"/home/alec/Desktop/dev/projects/my_bartender/app/functions/node_modules/firebase-functions/lib/index.js\"}"}}
[debug] [2022-04-12T03:41:13.371Z] [runtime-status] [1713668] firebase-admin has been stubbed. {"adminResolution":{"declared":true,"installed":true,"version":"10.0.2","resolution":"/home/alec/Desktop/dev/projects/my_bartender/app/functions/node_modules/firebase-admin/lib/index.js"}} {"metadata":{"emulator":{"name":"functions"},"function":{"name":"us-central1-getDrinks"},"extension":{},"message":"[runtime-status] [1713668] firebase-admin has been stubbed. {\"adminResolution\":{\"declared\":true,\"installed\":true,\"version\":\"10.0.2\",\"resolution\":\"/home/alec/Desktop/dev/projects/my_bartender/app/functions/node_modules/firebase-admin/lib/index.js\"}}"}}
[debug] [2022-04-12T03:41:13.373Z] [runtime-status] [1713668] initializeApp(DEFAULT) {"storageBucket":"my-bartender-4c41e.appspot.com","projectId":"my-bartender-4c41e"} {"metadata":{"emulator":{"name":"functions"},"function":{"name":"us-central1-getDrinks"},"extension":{},"message":"[runtime-status] [1713668] initializeApp(DEFAULT) {\"storageBucket\":\"my-bartender-4c41e.appspot.com\",\"projectId\":\"my-bartender-4c41e\"}"}}
[debug] [2022-04-12T03:41:13.380Z] [runtime-status] [1713668] Beginning invocation function getDrinks! {"metadata":{"emulator":{"name":"functions"},"function":{"name":"us-central1-getDrinks"},"extension":{},"message":"[runtime-status] [1713668] Beginning invocation function getDrinks!"}}
[info] i  functions: Beginning execution of "getDrinks" {"metadata":{"emulator":{"name":"functions"},"function":{"name":"us-central1-getDrinks"},"extension":{},"message":"Beginning execution of \"getDrinks\""}}
[debug] [2022-04-12T03:41:13.380Z] [runtime-status] [1713668] Running getDrinks in signature http {"metadata":{"emulator":{"name":"functions"},"function":{"name":"us-central1-getDrinks"},"extension":{},"message":"[runtime-status] [1713668] Running getDrinks in signature http"}}
[debug] [2022-04-12T03:41:13.383Z] [runtime-status] [1713668] Attempting to listen to socketPath: /tmp/fire_emu_1713668.sock {"metadata":{"emulator":{"name":"functions"},"function":{"name":"us-central1-getDrinks"},"extension":{},"message":"[runtime-status] [1713668] Attempting to listen to socketPath: /tmp/fire_emu_1713668.sock"}}
[debug] [2022-04-12T03:41:13.384Z] [functions] Runtime ready! Sending request! {"metadata":{"emulator":{"name":"functions"},"message":"[functions] Runtime ready! Sending request!"}}
[debug] [2022-04-12T03:41:13.385Z] [functions] Got req.url=/my-bartender-4c41e/us-central1/getDrinks?params=gin, mapping to path=/?params=gin {"metadata":{"emulator":{"name":"functions"},"message":"[functions] Got req.url=/my-bartender-4c41e/us-central1/getDrinks?params=gin, mapping to path=/?params=gin"}}
[debug] [2022-04-12T03:41:13.389Z] [runtime-status] [1713668] Ephemeral server handling GET request {"metadata":{"emulator":{"name":"functions"},"function":{"name":"us-central1-getDrinks"},"extension":{},"message":"[runtime-status] [1713668] Ephemeral server handling GET request"}}
[debug] [2022-04-12T03:41:13.404Z] [runtime-status] [1713668] Ephemeral server survived. {"metadata":{"emulator":{"name":"functions"},"function":{"name":"us-central1-getDrinks"},"extension":{},"message":"[runtime-status] [1713668] Ephemeral server survived."}}
[info] i  functions: Finished "getDrinks" in ~1s {"metadata":{"emulator":{"name":"functions"},"function":{"name":"us-central1-getDrinks"},"extension":{},"message":"Finished \"getDrinks\" in ~1s"}}
[debug] [2022-04-12T03:41:14.268Z] [worker-us-central1-getDrinks-3c01da4b-b17a-47a2-ad0d-d9a5088ebe98]: IDLE {"metadata":{"emulator":{"name":"functions"},"message":"[worker-us-central1-getDrinks-3c01da4b-b17a-47a2-ad0d-d9a5088ebe98]: IDLE"}}
[debug] [2022-04-12T03:41:14.268Z] [work-queue] {"queueLength":0,"workRunningCount":0}
[debug] [2022-04-12T04:14:22.284Z] [work-queue] {"queueLength":1,"workRunningCount":0}
[debug] [2022-04-12T04:14:22.284Z] [work-queue] {"queueLength":0,"workRunningCount":1}
[debug] [2022-04-12T04:14:22.285Z] Accepted request GET /my-bartender-4c41e/us-central1/getDrinks?params=iced+tea --> us-central1-getDrinks
[debug] [2022-04-12T04:14:22.285Z] [worker-pool] submitWork(triggerId=us-central1-getDrinks) {"metadata":{"emulator":{"name":"functions"},"message":"[worker-pool] submitWork(triggerId=us-central1-getDrinks)"}}
[debug] [2022-04-12T04:14:22.285Z] [worker-us-central1-getDrinks-3c01da4b-b17a-47a2-ad0d-d9a5088ebe98]: Assigning socketPath: /tmp/fire_emu_1713668.sock {"metadata":{"emulator":{"name":"functions"},"message":"[worker-us-central1-getDrinks-3c01da4b-b17a-47a2-ad0d-d9a5088ebe98]: Assigning socketPath: /tmp/fire_emu_1713668.sock"}}
[debug] [2022-04-12T04:14:22.285Z] [worker-us-central1-getDrinks-3c01da4b-b17a-47a2-ad0d-d9a5088ebe98]: BUSY {"metadata":{"emulator":{"name":"functions"},"message":"[worker-us-central1-getDrinks-3c01da4b-b17a-47a2-ad0d-d9a5088ebe98]: BUSY"}}
[debug] [2022-04-12T04:14:22.288Z] [runtime-status] [1713668] Beginning invocation function getDrinks! {"metadata":{"emulator":{"name":"functions"},"function":{"name":"us-central1-getDrinks"},"extension":{},"message":"[runtime-status] [1713668] Beginning invocation function getDrinks!"}}
[info] i  functions: Beginning execution of "getDrinks" {"metadata":{"emulator":{"name":"functions"},"function":{"name":"us-central1-getDrinks"},"extension":{},"message":"Beginning execution of \"getDrinks\""}}
[debug] [2022-04-12T04:14:22.289Z] [runtime-status] [1713668] Running getDrinks in signature http {"metadata":{"emulator":{"name":"functions"},"function":{"name":"us-central1-getDrinks"},"extension":{},"message":"[runtime-status] [1713668] Running getDrinks in signature http"}}
[debug] [2022-04-12T04:14:22.289Z] [runtime-status] [1713668] Attempting to listen to socketPath: /tmp/fire_emu_1713668.sock {"metadata":{"emulator":{"name":"functions"},"function":{"name":"us-central1-getDrinks"},"extension":{},"message":"[runtime-status] [1713668] Attempting to listen to socketPath: /tmp/fire_emu_1713668.sock"}}
[debug] [2022-04-12T04:14:22.289Z] [functions] Runtime ready! Sending request! {"metadata":{"emulator":{"name":"functions"},"message":"[functions] Runtime ready! Sending request!"}}
[debug] [2022-04-12T04:14:22.290Z] [functions] Got req.url=/my-bartender-4c41e/us-central1/getDrinks?params=iced+tea, mapping to path=/?params=iced+tea {"metadata":{"emulator":{"name":"functions"},"message":"[functions] Got req.url=/my-bartender-4c41e/us-central1/getDrinks?params=iced+tea, mapping to path=/?params=iced+tea"}}
[debug] [2022-04-12T04:14:22.291Z] [runtime-status] [1713668] Ephemeral server handling GET request {"metadata":{"emulator":{"name":"functions"},"function":{"name":"us-central1-getDrinks"},"extension":{},"message":"[runtime-status] [1713668] Ephemeral server handling GET request"}}
[debug] [2022-04-12T04:14:22.294Z] [runtime-status] [1713668] Ephemeral server survived. {"metadata":{"emulator":{"name":"functions"},"function":{"name":"us-central1-getDrinks"},"extension":{},"message":"[runtime-status] [1713668] Ephemeral server survived."}}
[info] i  functions: Finished "getDrinks" in ~1s {"metadata":{"emulator":{"name":"functions"},"function":{"name":"us-central1-getDrinks"},"extension":{},"message":"Finished \"getDrinks\" in ~1s"}}
[debug] [2022-04-12T04:14:23.301Z] [worker-us-central1-getDrinks-3c01da4b-b17a-47a2-ad0d-d9a5088ebe98]: IDLE {"metadata":{"emulator":{"name":"functions"},"message":"[worker-us-central1-getDrinks-3c01da4b-b17a-47a2-ad0d-d9a5088ebe98]: IDLE"}}
[debug] [2022-04-12T04:14:23.302Z] [work-queue] {"queueLength":0,"workRunningCount":0}
[debug] [2022-04-12T04:14:39.775Z] [work-queue] {"queueLength":1,"workRunningCount":0}
[debug] [2022-04-12T04:14:39.775Z] [work-queue] {"queueLength":0,"workRunningCount":1}
[debug] [2022-04-12T04:14:39.775Z] Accepted request GET /my-bartender-4c41e/us-central1/getDrinks?params=rum --> us-central1-getDrinks
[debug] [2022-04-12T04:14:39.775Z] [worker-pool] submitWork(triggerId=us-central1-getDrinks) {"metadata":{"emulator":{"name":"functions"},"message":"[worker-pool] submitWork(triggerId=us-central1-getDrinks)"}}
[debug] [2022-04-12T04:14:39.776Z] [worker-us-central1-getDrinks-3c01da4b-b17a-47a2-ad0d-d9a5088ebe98]: Assigning socketPath: /tmp/fire_emu_1713668.sock {"metadata":{"emulator":{"name":"functions"},"message":"[worker-us-central1-getDrinks-3c01da4b-b17a-47a2-ad0d-d9a5088ebe98]: Assigning socketPath: /tmp/fire_emu_1713668.sock"}}
[debug] [2022-04-12T04:14:39.776Z] [worker-us-central1-getDrinks-3c01da4b-b17a-47a2-ad0d-d9a5088ebe98]: BUSY {"metadata":{"emulator":{"name":"functions"},"message":"[worker-us-central1-getDrinks-3c01da4b-b17a-47a2-ad0d-d9a5088ebe98]: BUSY"}}
[debug] [2022-04-12T04:14:39.779Z] [runtime-status] [1713668] Beginning invocation function getDrinks! {"metadata":{"emulator":{"name":"functions"},"function":{"name":"us-central1-getDrinks"},"extension":{},"message":"[runtime-status] [1713668] Beginning invocation function getDrinks!"}}
[info] i  functions: Beginning execution of "getDrinks" {"metadata":{"emulator":{"name":"functions"},"function":{"name":"us-central1-getDrinks"},"extension":{},"message":"Beginning execution of \"getDrinks\""}}
[debug] [2022-04-12T04:14:39.780Z] [runtime-status] [1713668] Running getDrinks in signature http {"metadata":{"emulator":{"name":"functions"},"function":{"name":"us-central1-getDrinks"},"extension":{},"message":"[runtime-status] [1713668] Running getDrinks in signature http"}}
[debug] [2022-04-12T04:14:39.780Z] [runtime-status] [1713668] Attempting to listen to socketPath: /tmp/fire_emu_1713668.sock {"metadata":{"emulator":{"name":"functions"},"function":{"name":"us-central1-getDrinks"},"extension":{},"message":"[runtime-status] [1713668] Attempting to listen to socketPath: /tmp/fire_emu_1713668.sock"}}
[debug] [2022-04-12T04:14:39.781Z] [functions] Runtime ready! Sending request! {"metadata":{"emulator":{"name":"functions"},"message":"[functions] Runtime ready! Sending request!"}}
[debug] [2022-04-12T04:14:39.781Z] [functions] Got req.url=/my-bartender-4c41e/us-central1/getDrinks?params=rum, mapping to path=/?params=rum {"metadata":{"emulator":{"name":"functions"},"message":"[functions] Got req.url=/my-bartender-4c41e/us-central1/getDrinks?params=rum, mapping to path=/?params=rum"}}
[debug] [2022-04-12T04:14:39.785Z] [runtime-status] [1713668] Ephemeral server handling GET request {"metadata":{"emulator":{"name":"functions"},"function":{"name":"us-central1-getDrinks"},"extension":{},"message":"[runtime-status] [1713668] Ephemeral server handling GET request"}}
[debug] [2022-04-12T04:14:39.787Z] [runtime-status] [1713668] Ephemeral server survived. {"metadata":{"emulator":{"name":"functions"},"function":{"name":"us-central1-getDrinks"},"extension":{},"message":"[runtime-status] [1713668] Ephemeral server survived."}}
[info] i  functions: Finished "getDrinks" in ~1s {"metadata":{"emulator":{"name":"functions"},"function":{"name":"us-central1-getDrinks"},"extension":{},"message":"Finished \"getDrinks\" in ~1s"}}
[debug] [2022-04-12T04:14:40.578Z] [worker-us-central1-getDrinks-3c01da4b-b17a-47a2-ad0d-d9a5088ebe98]: IDLE {"metadata":{"emulator":{"name":"functions"},"message":"[worker-us-central1-getDrinks-3c01da4b-b17a-47a2-ad0d-d9a5088ebe98]: IDLE"}}
[debug] [2022-04-12T04:14:40.579Z] [work-queue] {"queueLength":0,"workRunningCount":0}
[debug] [2022-04-12T04:15:10.764Z] [work-queue] {"queueLength":1,"workRunningCount":0}
[debug] [2022-04-12T04:15:10.764Z] [work-queue] {"queueLength":0,"workRunningCount":1}
[debug] [2022-04-12T04:15:10.764Z] Accepted request GET /my-bartender-4c41e/us-central1/getDrinks?params=rum --> us-central1-getDrinks
[debug] [2022-04-12T04:15:10.764Z] [worker-pool] submitWork(triggerId=us-central1-getDrinks) {"metadata":{"emulator":{"name":"functions"},"message":"[worker-pool] submitWork(triggerId=us-central1-getDrinks)"}}
[debug] [2022-04-12T04:15:10.765Z] [worker-us-central1-getDrinks-3c01da4b-b17a-47a2-ad0d-d9a5088ebe98]: Assigning socketPath: /tmp/fire_emu_1713668.sock {"metadata":{"emulator":{"name":"functions"},"message":"[worker-us-central1-getDrinks-3c01da4b-b17a-47a2-ad0d-d9a5088ebe98]: Assigning socketPath: /tmp/fire_emu_1713668.sock"}}
[debug] [2022-04-12T04:15:10.765Z] [worker-us-central1-getDrinks-3c01da4b-b17a-47a2-ad0d-d9a5088ebe98]: BUSY {"metadata":{"emulator":{"name":"functions"},"message":"[worker-us-central1-getDrinks-3c01da4b-b17a-47a2-ad0d-d9a5088ebe98]: BUSY"}}
[debug] [2022-04-12T04:15:10.766Z] [runtime-status] [1713668] Beginning invocation function getDrinks! {"metadata":{"emulator":{"name":"functions"},"function":{"name":"us-central1-getDrinks"},"extension":{},"message":"[runtime-status] [1713668] Beginning invocation function getDrinks!"}}
[info] i  functions: Beginning execution of "getDrinks" {"metadata":{"emulator":{"name":"functions"},"function":{"name":"us-central1-getDrinks"},"extension":{},"message":"Beginning execution of \"getDrinks\""}}
[debug] [2022-04-12T04:15:10.767Z] [runtime-status] [1713668] Running getDrinks in signature http {"metadata":{"emulator":{"name":"functions"},"function":{"name":"us-central1-getDrinks"},"extension":{},"message":"[runtime-status] [1713668] Running getDrinks in signature http"}}
[debug] [2022-04-12T04:15:10.767Z] [runtime-status] [1713668] Attempting to listen to socketPath: /tmp/fire_emu_1713668.sock {"metadata":{"emulator":{"name":"functions"},"function":{"name":"us-central1-getDrinks"},"extension":{},"message":"[runtime-status] [1713668] Attempting to listen to socketPath: /tmp/fire_emu_1713668.sock"}}
[debug] [2022-04-12T04:15:10.767Z] [functions] Runtime ready! Sending request! {"metadata":{"emulator":{"name":"functions"},"message":"[functions] Runtime ready! Sending request!"}}
[debug] [2022-04-12T04:15:10.767Z] [functions] Got req.url=/my-bartender-4c41e/us-central1/getDrinks?params=rum, mapping to path=/?params=rum {"metadata":{"emulator":{"name":"functions"},"message":"[functions] Got req.url=/my-bartender-4c41e/us-central1/getDrinks?params=rum, mapping to path=/?params=rum"}}
[debug] [2022-04-12T04:15:10.770Z] [runtime-status] [1713668] Ephemeral server handling GET request {"metadata":{"emulator":{"name":"functions"},"function":{"name":"us-central1-getDrinks"},"extension":{},"message":"[runtime-status] [1713668] Ephemeral server handling GET request"}}
[debug] [2022-04-12T04:15:10.772Z] [runtime-status] [1713668] Ephemeral server survived. {"metadata":{"emulator":{"name":"functions"},"function":{"name":"us-central1-getDrinks"},"extension":{},"message":"[runtime-status] [1713668] Ephemeral server survived."}}
[info] i  functions: Finished "getDrinks" in ~1s {"metadata":{"emulator":{"name":"functions"},"function":{"name":"us-central1-getDrinks"},"extension":{},"message":"Finished \"getDrinks\" in ~1s"}}
[debug] [2022-04-12T04:15:11.917Z] [worker-us-central1-getDrinks-3c01da4b-b17a-47a2-ad0d-d9a5088ebe98]: IDLE {"metadata":{"emulator":{"name":"functions"},"message":"[worker-us-central1-getDrinks-3c01da4b-b17a-47a2-ad0d-d9a5088ebe98]: IDLE"}}
[debug] [2022-04-12T04:15:11.917Z] [work-queue] {"queueLength":0,"workRunningCount":0}
[debug] [2022-04-12T04:15:18.912Z] [work-queue] {"queueLength":1,"workRunningCount":0}
[debug] [2022-04-12T04:15:18.912Z] [work-queue] {"queueLength":0,"workRunningCount":1}
[debug] [2022-04-12T04:15:18.912Z] Accepted request GET /my-bartender-4c41e/us-central1/getDrinks?params=rum --> us-central1-getDrinks
[debug] [2022-04-12T04:15:18.913Z] [worker-pool] submitWork(triggerId=us-central1-getDrinks) {"metadata":{"emulator":{"name":"functions"},"message":"[worker-pool] submitWork(triggerId=us-central1-getDrinks)"}}
[debug] [2022-04-12T04:15:18.913Z] [worker-us-central1-getDrinks-3c01da4b-b17a-47a2-ad0d-d9a5088ebe98]: Assigning socketPath: /tmp/fire_emu_1713668.sock {"metadata":{"emulator":{"name":"functions"},"message":"[worker-us-central1-getDrinks-3c01da4b-b17a-47a2-ad0d-d9a5088ebe98]: Assigning socketPath: /tmp/fire_emu_1713668.sock"}}
[debug] [2022-04-12T04:15:18.913Z] [worker-us-central1-getDrinks-3c01da4b-b17a-47a2-ad0d-d9a5088ebe98]: BUSY {"metadata":{"emulator":{"name":"functions"},"message":"[worker-us-central1-getDrinks-3c01da4b-b17a-47a2-ad0d-d9a5088ebe98]: BUSY"}}
[debug] [2022-04-12T04:15:18.915Z] [runtime-status] [1713668] Beginning invocation function getDrinks! {"metadata":{"emulator":{"name":"functions"},"function":{"name":"us-central1-getDrinks"},"extension":{},"message":"[runtime-status] [1713668] Beginning invocation function getDrinks!"}}
[info] i  functions: Beginning execution of "getDrinks" {"metadata":{"emulator":{"name":"functions"},"function":{"name":"us-central1-getDrinks"},"extension":{},"message":"Beginning execution of \"getDrinks\""}}
[debug] [2022-04-12T04:15:18.916Z] [runtime-status] [1713668] Running getDrinks in signature http {"metadata":{"emulator":{"name":"functions"},"function":{"name":"us-central1-getDrinks"},"extension":{},"message":"[runtime-status] [1713668] Running getDrinks in signature http"}}
[debug] [2022-04-12T04:15:18.916Z] [runtime-status] [1713668] Attempting to listen to socketPath: /tmp/fire_emu_1713668.sock {"metadata":{"emulator":{"name":"functions"},"function":{"name":"us-central1-getDrinks"},"extension":{},"message":"[runtime-status] [1713668] Attempting to listen to socketPath: /tmp/fire_emu_1713668.sock"}}
[debug] [2022-04-12T04:15:18.918Z] [functions] Runtime ready! Sending request! {"metadata":{"emulator":{"name":"functions"},"message":"[functions] Runtime ready! Sending request!"}}
[debug] [2022-04-12T04:15:18.918Z] [functions] Got req.url=/my-bartender-4c41e/us-central1/getDrinks?params=rum, mapping to path=/?params=rum {"metadata":{"emulator":{"name":"functions"},"message":"[functions] Got req.url=/my-bartender-4c41e/us-central1/getDrinks?params=rum, mapping to path=/?params=rum"}}
[debug] [2022-04-12T04:15:18.921Z] [runtime-status] [1713668] Ephemeral server handling GET request {"metadata":{"emulator":{"name":"functions"},"function":{"name":"us-central1-getDrinks"},"extension":{},"message":"[runtime-status] [1713668] Ephemeral server handling GET request"}}
[debug] [2022-04-12T04:15:18.923Z] [runtime-status] [1713668] Ephemeral server survived. {"metadata":{"emulator":{"name":"functions"},"function":{"name":"us-central1-getDrinks"},"extension":{},"message":"[runtime-status] [1713668] Ephemeral server survived."}}
[info] i  functions: Finished "getDrinks" in ~1s {"metadata":{"emulator":{"name":"functions"},"function":{"name":"us-central1-getDrinks"},"extension":{},"message":"Finished \"getDrinks\" in ~1s"}}
[debug] [2022-04-12T04:15:19.695Z] [worker-us-central1-getDrinks-3c01da4b-b17a-47a2-ad0d-d9a5088ebe98]: IDLE {"metadata":{"emulator":{"name":"functions"},"message":"[worker-us-central1-getDrinks-3c01da4b-b17a-47a2-ad0d-d9a5088ebe98]: IDLE"}}
[debug] [2022-04-12T04:15:19.695Z] [work-queue] {"queueLength":0,"workRunningCount":0}
[debug] [2022-04-12T04:15:29.015Z] [work-queue] {"queueLength":1,"workRunningCount":0}
[debug] [2022-04-12T04:15:29.015Z] [work-queue] {"queueLength":0,"workRunningCount":1}
[debug] [2022-04-12T04:15:29.015Z] Accepted request GET /my-bartender-4c41e/us-central1/getDrinks?params=rum --> us-central1-getDrinks
[debug] [2022-04-12T04:15:29.015Z] [worker-pool] submitWork(triggerId=us-central1-getDrinks) {"metadata":{"emulator":{"name":"functions"},"message":"[worker-pool] submitWork(triggerId=us-central1-getDrinks)"}}
[debug] [2022-04-12T04:15:29.015Z] [worker-us-central1-getDrinks-3c01da4b-b17a-47a2-ad0d-d9a5088ebe98]: Assigning socketPath: /tmp/fire_emu_1713668.sock {"metadata":{"emulator":{"name":"functions"},"message":"[worker-us-central1-getDrinks-3c01da4b-b17a-47a2-ad0d-d9a5088ebe98]: Assigning socketPath: /tmp/fire_emu_1713668.sock"}}
[debug] [2022-04-12T04:15:29.015Z] [worker-us-central1-getDrinks-3c01da4b-b17a-47a2-ad0d-d9a5088ebe98]: BUSY {"metadata":{"emulator":{"name":"functions"},"message":"[worker-us-central1-getDrinks-3c01da4b-b17a-47a2-ad0d-d9a5088ebe98]: BUSY"}}
[debug] [2022-04-12T04:15:29.017Z] [runtime-status] [1713668] Beginning invocation function getDrinks! {"metadata":{"emulator":{"name":"functions"},"function":{"name":"us-central1-getDrinks"},"extension":{},"message":"[runtime-status] [1713668] Beginning invocation function getDrinks!"}}
[info] i  functions: Beginning execution of "getDrinks" {"metadata":{"emulator":{"name":"functions"},"function":{"name":"us-central1-getDrinks"},"extension":{},"message":"Beginning execution of \"getDrinks\""}}
[debug] [2022-04-12T04:15:29.017Z] [runtime-status] [1713668] Running getDrinks in signature http {"metadata":{"emulator":{"name":"functions"},"function":{"name":"us-central1-getDrinks"},"extension":{},"message":"[runtime-status] [1713668] Running getDrinks in signature http"}}
[debug] [2022-04-12T04:15:29.018Z] [runtime-status] [1713668] Attempting to listen to socketPath: /tmp/fire_emu_1713668.sock {"metadata":{"emulator":{"name":"functions"},"function":{"name":"us-central1-getDrinks"},"extension":{},"message":"[runtime-status] [1713668] Attempting to listen to socketPath: /tmp/fire_emu_1713668.sock"}}
[debug] [2022-04-12T04:15:29.018Z] [functions] Runtime ready! Sending request! {"metadata":{"emulator":{"name":"functions"},"message":"[functions] Runtime ready! Sending request!"}}
[debug] [2022-04-12T04:15:29.019Z] [functions] Got req.url=/my-bartender-4c41e/us-central1/getDrinks?params=rum, mapping to path=/?params=rum {"metadata":{"emulator":{"name":"functions"},"message":"[functions] Got req.url=/my-bartender-4c41e/us-central1/getDrinks?params=rum, mapping to path=/?params=rum"}}
[debug] [2022-04-12T04:15:29.020Z] [runtime-status] [1713668] Ephemeral server handling GET request {"metadata":{"emulator":{"name":"functions"},"function":{"name":"us-central1-getDrinks"},"extension":{},"message":"[runtime-status] [1713668] Ephemeral server handling GET request"}}
[debug] [2022-04-12T04:15:29.022Z] [runtime-status] [1713668] Ephemeral server survived. {"metadata":{"emulator":{"name":"functions"},"function":{"name":"us-central1-getDrinks"},"extension":{},"message":"[runtime-status] [1713668] Ephemeral server survived."}}
[info] i  functions: Finished "getDrinks" in ~1s {"metadata":{"emulator":{"name":"functions"},"function":{"name":"us-central1-getDrinks"},"extension":{},"message":"Finished \"getDrinks\" in ~1s"}}
[debug] [2022-04-12T04:15:30.417Z] [worker-us-central1-getDrinks-3c01da4b-b17a-47a2-ad0d-d9a5088ebe98]: IDLE {"metadata":{"emulator":{"name":"functions"},"message":"[worker-us-central1-getDrinks-3c01da4b-b17a-47a2-ad0d-d9a5088ebe98]: IDLE"}}
[debug] [2022-04-12T04:15:30.417Z] [work-queue] {"queueLength":0,"workRunningCount":0}
[debug] [2022-04-12T04:15:37.770Z] [work-queue] {"queueLength":1,"workRunningCount":0}
[debug] [2022-04-12T04:15:37.770Z] [work-queue] {"queueLength":0,"workRunningCount":1}
[debug] [2022-04-12T04:15:37.770Z] Accepted request GET /my-bartender-4c41e/us-central1/getDrinks?params=rum --> us-central1-getDrinks
[debug] [2022-04-12T04:15:37.771Z] [worker-pool] submitWork(triggerId=us-central1-getDrinks) {"metadata":{"emulator":{"name":"functions"},"message":"[worker-pool] submitWork(triggerId=us-central1-getDrinks)"}}
[debug] [2022-04-12T04:15:37.771Z] [worker-us-central1-getDrinks-3c01da4b-b17a-47a2-ad0d-d9a5088ebe98]: Assigning socketPath: /tmp/fire_emu_1713668.sock {"metadata":{"emulator":{"name":"functions"},"message":"[worker-us-central1-getDrinks-3c01da4b-b17a-47a2-ad0d-d9a5088ebe98]: Assigning socketPath: /tmp/fire_emu_1713668.sock"}}
[debug] [2022-04-12T04:15:37.771Z] [worker-us-central1-getDrinks-3c01da4b-b17a-47a2-ad0d-d9a5088ebe98]: BUSY {"metadata":{"emulator":{"name":"functions"},"message":"[worker-us-central1-getDrinks-3c01da4b-b17a-47a2-ad0d-d9a5088ebe98]: BUSY"}}
[debug] [2022-04-12T04:15:37.772Z] [runtime-status] [1713668] Beginning invocation function getDrinks! {"metadata":{"emulator":{"name":"functions"},"function":{"name":"us-central1-getDrinks"},"extension":{},"message":"[runtime-status] [1713668] Beginning invocation function getDrinks!"}}
[info] i  functions: Beginning execution of "getDrinks" {"metadata":{"emulator":{"name":"functions"},"function":{"name":"us-central1-getDrinks"},"extension":{},"message":"Beginning execution of \"getDrinks\""}}
[debug] [2022-04-12T04:15:37.773Z] [runtime-status] [1713668] Running getDrinks in signature http {"metadata":{"emulator":{"name":"functions"},"function":{"name":"us-central1-getDrinks"},"extension":{},"message":"[runtime-status] [1713668] Running getDrinks in signature http"}}
[debug] [2022-04-12T04:15:37.773Z] [runtime-status] [1713668] Attempting to listen to socketPath: /tmp/fire_emu_1713668.sock {"metadata":{"emulator":{"name":"functions"},"function":{"name":"us-central1-getDrinks"},"extension":{},"message":"[runtime-status] [1713668] Attempting to listen to socketPath: /tmp/fire_emu_1713668.sock"}}
[debug] [2022-04-12T04:15:37.774Z] [functions] Runtime ready! Sending request! {"metadata":{"emulator":{"name":"functions"},"message":"[functions] Runtime ready! Sending request!"}}
[debug] [2022-04-12T04:15:37.774Z] [functions] Got req.url=/my-bartender-4c41e/us-central1/getDrinks?params=rum, mapping to path=/?params=rum {"metadata":{"emulator":{"name":"functions"},"message":"[functions] Got req.url=/my-bartender-4c41e/us-central1/getDrinks?params=rum, mapping to path=/?params=rum"}}
[debug] [2022-04-12T04:15:37.776Z] [runtime-status] [1713668] Ephemeral server handling GET request {"metadata":{"emulator":{"name":"functions"},"function":{"name":"us-central1-getDrinks"},"extension":{},"message":"[runtime-status] [1713668] Ephemeral server handling GET request"}}
[debug] [2022-04-12T04:15:37.777Z] [runtime-status] [1713668] Ephemeral server survived. {"metadata":{"emulator":{"name":"functions"},"function":{"name":"us-central1-getDrinks"},"extension":{},"message":"[runtime-status] [1713668] Ephemeral server survived."}}
[info] i  functions: Finished "getDrinks" in ~1s {"metadata":{"emulator":{"name":"functions"},"function":{"name":"us-central1-getDrinks"},"extension":{},"message":"Finished \"getDrinks\" in ~1s"}}
[debug] [2022-04-12T04:15:38.846Z] [worker-us-central1-getDrinks-3c01da4b-b17a-47a2-ad0d-d9a5088ebe98]: IDLE {"metadata":{"emulator":{"name":"functions"},"message":"[worker-us-central1-getDrinks-3c01da4b-b17a-47a2-ad0d-d9a5088ebe98]: IDLE"}}
[debug] [2022-04-12T04:15:38.846Z] [work-queue] {"queueLength":0,"workRunningCount":0}
[debug] [2022-04-12T04:17:29.018Z] [work-queue] {"queueLength":1,"workRunningCount":0}
[debug] [2022-04-12T04:17:29.019Z] [work-queue] {"queueLength":0,"workRunningCount":1}
[debug] [2022-04-12T04:17:29.019Z] Accepted request GET /my-bartender-4c41e/us-central1/getDrinks?params=q --> us-central1-getDrinks
[debug] [2022-04-12T04:17:29.019Z] [worker-pool] submitWork(triggerId=us-central1-getDrinks) {"metadata":{"emulator":{"name":"functions"},"message":"[worker-pool] submitWork(triggerId=us-central1-getDrinks)"}}
[debug] [2022-04-12T04:17:29.019Z] [worker-us-central1-getDrinks-3c01da4b-b17a-47a2-ad0d-d9a5088ebe98]: Assigning socketPath: /tmp/fire_emu_1713668.sock {"metadata":{"emulator":{"name":"functions"},"message":"[worker-us-central1-getDrinks-3c01da4b-b17a-47a2-ad0d-d9a5088ebe98]: Assigning socketPath: /tmp/fire_emu_1713668.sock"}}
[debug] [2022-04-12T04:17:29.019Z] [worker-us-central1-getDrinks-3c01da4b-b17a-47a2-ad0d-d9a5088ebe98]: BUSY {"metadata":{"emulator":{"name":"functions"},"message":"[worker-us-central1-getDrinks-3c01da4b-b17a-47a2-ad0d-d9a5088ebe98]: BUSY"}}
[debug] [2022-04-12T04:17:29.023Z] [runtime-status] [1713668] Beginning invocation function getDrinks! {"metadata":{"emulator":{"name":"functions"},"function":{"name":"us-central1-getDrinks"},"extension":{},"message":"[runtime-status] [1713668] Beginning invocation function getDrinks!"}}
[info] i  functions: Beginning execution of "getDrinks" {"metadata":{"emulator":{"name":"functions"},"function":{"name":"us-central1-getDrinks"},"extension":{},"message":"Beginning execution of \"getDrinks\""}}
[debug] [2022-04-12T04:17:29.023Z] [runtime-status] [1713668] Running getDrinks in signature http {"metadata":{"emulator":{"name":"functions"},"function":{"name":"us-central1-getDrinks"},"extension":{},"message":"[runtime-status] [1713668] Running getDrinks in signature http"}}
[debug] [2022-04-12T04:17:29.023Z] [runtime-status] [1713668] Attempting to listen to socketPath: /tmp/fire_emu_1713668.sock {"metadata":{"emulator":{"name":"functions"},"function":{"name":"us-central1-getDrinks"},"extension":{},"message":"[runtime-status] [1713668] Attempting to listen to socketPath: /tmp/fire_emu_1713668.sock"}}
[debug] [2022-04-12T04:17:29.024Z] [functions] Runtime ready! Sending request! {"metadata":{"emulator":{"name":"functions"},"message":"[functions] Runtime ready! Sending request!"}}
[debug] [2022-04-12T04:17:29.024Z] [functions] Got req.url=/my-bartender-4c41e/us-central1/getDrinks?params=q, mapping to path=/?params=q {"metadata":{"emulator":{"name":"functions"},"message":"[functions] Got req.url=/my-bartender-4c41e/us-central1/getDrinks?params=q, mapping to path=/?params=q"}}
[debug] [2022-04-12T04:17:29.027Z] [runtime-status] [1713668] Ephemeral server handling GET request {"metadata":{"emulator":{"name":"functions"},"function":{"name":"us-central1-getDrinks"},"extension":{},"message":"[runtime-status] [1713668] Ephemeral server handling GET request"}}
[debug] [2022-04-12T04:17:29.028Z] [runtime-status] [1713668] Ephemeral server survived. {"metadata":{"emulator":{"name":"functions"},"function":{"name":"us-central1-getDrinks"},"extension":{},"message":"[runtime-status] [1713668] Ephemeral server survived."}}
[info] i  functions: Finished "getDrinks" in ~1s {"metadata":{"emulator":{"name":"functions"},"function":{"name":"us-central1-getDrinks"},"extension":{},"message":"Finished \"getDrinks\" in ~1s"}}
[debug] [2022-04-12T04:17:30.151Z] [worker-us-central1-getDrinks-3c01da4b-b17a-47a2-ad0d-d9a5088ebe98]: IDLE {"metadata":{"emulator":{"name":"functions"},"message":"[worker-us-central1-getDrinks-3c01da4b-b17a-47a2-ad0d-d9a5088ebe98]: IDLE"}}
[debug] [2022-04-12T04:17:30.151Z] [work-queue] {"queueLength":0,"workRunningCount":0}
[debug] [2022-04-12T04:17:46.233Z] [work-queue] {"queueLength":1,"workRunningCount":0}
[debug] [2022-04-12T04:17:46.233Z] [work-queue] {"queueLength":0,"workRunningCount":1}
[debug] [2022-04-12T04:17:46.233Z] Accepted request GET /my-bartender-4c41e/us-central1/getDrinks?params=q --> us-central1-getDrinks
[debug] [2022-04-12T04:17:46.233Z] [worker-pool] submitWork(triggerId=us-central1-getDrinks) {"metadata":{"emulator":{"name":"functions"},"message":"[worker-pool] submitWork(triggerId=us-central1-getDrinks)"}}
[debug] [2022-04-12T04:17:46.233Z] [worker-us-central1-getDrinks-3c01da4b-b17a-47a2-ad0d-d9a5088ebe98]: Assigning socketPath: /tmp/fire_emu_1713668.sock {"metadata":{"emulator":{"name":"functions"},"message":"[worker-us-central1-getDrinks-3c01da4b-b17a-47a2-ad0d-d9a5088ebe98]: Assigning socketPath: /tmp/fire_emu_1713668.sock"}}
[debug] [2022-04-12T04:17:46.233Z] [worker-us-central1-getDrinks-3c01da4b-b17a-47a2-ad0d-d9a5088ebe98]: BUSY {"metadata":{"emulator":{"name":"functions"},"message":"[worker-us-central1-getDrinks-3c01da4b-b17a-47a2-ad0d-d9a5088ebe98]: BUSY"}}
[debug] [2022-04-12T04:17:46.234Z] [runtime-status] [1713668] Beginning invocation function getDrinks! {"metadata":{"emulator":{"name":"functions"},"function":{"name":"us-central1-getDrinks"},"extension":{},"message":"[runtime-status] [1713668] Beginning invocation function getDrinks!"}}
[info] i  functions: Beginning execution of "getDrinks" {"metadata":{"emulator":{"name":"functions"},"function":{"name":"us-central1-getDrinks"},"extension":{},"message":"Beginning execution of \"getDrinks\""}}
[debug] [2022-04-12T04:17:46.235Z] [runtime-status] [1713668] Running getDrinks in signature http {"metadata":{"emulator":{"name":"functions"},"function":{"name":"us-central1-getDrinks"},"extension":{},"message":"[runtime-status] [1713668] Running getDrinks in signature http"}}
[debug] [2022-04-12T04:17:46.235Z] [runtime-status] [1713668] Attempting to listen to socketPath: /tmp/fire_emu_1713668.sock {"metadata":{"emulator":{"name":"functions"},"function":{"name":"us-central1-getDrinks"},"extension":{},"message":"[runtime-status] [1713668] Attempting to listen to socketPath: /tmp/fire_emu_1713668.sock"}}
[debug] [2022-04-12T04:17:46.235Z] [functions] Runtime ready! Sending request! {"metadata":{"emulator":{"name":"functions"},"message":"[functions] Runtime ready! Sending request!"}}
[debug] [2022-04-12T04:17:46.235Z] [functions] Got req.url=/my-bartender-4c41e/us-central1/getDrinks?params=q, mapping to path=/?params=q {"metadata":{"emulator":{"name":"functions"},"message":"[functions] Got req.url=/my-bartender-4c41e/us-central1/getDrinks?params=q, mapping to path=/?params=q"}}
[debug] [2022-04-12T04:17:46.237Z] [runtime-status] [1713668] Ephemeral server handling GET request {"metadata":{"emulator":{"name":"functions"},"function":{"name":"us-central1-getDrinks"},"extension":{},"message":"[runtime-status] [1713668] Ephemeral server handling GET request"}}
[debug] [2022-04-12T04:17:46.239Z] [runtime-status] [1713668] Ephemeral server survived. {"metadata":{"emulator":{"name":"functions"},"function":{"name":"us-central1-getDrinks"},"extension":{},"message":"[runtime-status] [1713668] Ephemeral server survived."}}
[info] i  functions: Finished "getDrinks" in ~1s {"metadata":{"emulator":{"name":"functions"},"function":{"name":"us-central1-getDrinks"},"extension":{},"message":"Finished \"getDrinks\" in ~1s"}}
[debug] [2022-04-12T04:17:47.362Z] [worker-us-central1-getDrinks-3c01da4b-b17a-47a2-ad0d-d9a5088ebe98]: IDLE {"metadata":{"emulator":{"name":"functions"},"message":"[worker-us-central1-getDrinks-3c01da4b-b17a-47a2-ad0d-d9a5088ebe98]: IDLE"}}
[debug] [2022-04-12T04:17:47.362Z] [work-queue] {"queueLength":0,"workRunningCount":0}
[debug] [2022-04-12T04:17:58.762Z] [work-queue] {"queueLength":1,"workRunningCount":0}
[debug] [2022-04-12T04:17:58.762Z] [work-queue] {"queueLength":0,"workRunningCount":1}
[debug] [2022-04-12T04:17:58.762Z] Accepted request GET /my-bartender-4c41e/us-central1/getDrinks?params=q --> us-central1-getDrinks
[debug] [2022-04-12T04:17:58.762Z] [worker-pool] submitWork(triggerId=us-central1-getDrinks) {"metadata":{"emulator":{"name":"functions"},"message":"[worker-pool] submitWork(triggerId=us-central1-getDrinks)"}}
[debug] [2022-04-12T04:17:58.763Z] [worker-us-central1-getDrinks-3c01da4b-b17a-47a2-ad0d-d9a5088ebe98]: Assigning socketPath: /tmp/fire_emu_1713668.sock {"metadata":{"emulator":{"name":"functions"},"message":"[worker-us-central1-getDrinks-3c01da4b-b17a-47a2-ad0d-d9a5088ebe98]: Assigning socketPath: /tmp/fire_emu_1713668.sock"}}
[debug] [2022-04-12T04:17:58.763Z] [worker-us-central1-getDrinks-3c01da4b-b17a-47a2-ad0d-d9a5088ebe98]: BUSY {"metadata":{"emulator":{"name":"functions"},"message":"[worker-us-central1-getDrinks-3c01da4b-b17a-47a2-ad0d-d9a5088ebe98]: BUSY"}}
[debug] [2022-04-12T04:17:58.767Z] [runtime-status] [1713668] Beginning invocation function getDrinks! {"metadata":{"emulator":{"name":"functions"},"function":{"name":"us-central1-getDrinks"},"extension":{},"message":"[runtime-status] [1713668] Beginning invocation function getDrinks!"}}
[info] i  functions: Beginning execution of "getDrinks" {"metadata":{"emulator":{"name":"functions"},"function":{"name":"us-central1-getDrinks"},"extension":{},"message":"Beginning execution of \"getDrinks\""}}
[debug] [2022-04-12T04:17:58.768Z] [runtime-status] [1713668] Running getDrinks in signature http {"metadata":{"emulator":{"name":"functions"},"function":{"name":"us-central1-getDrinks"},"extension":{},"message":"[runtime-status] [1713668] Running getDrinks in signature http"}}
[debug] [2022-04-12T04:17:58.768Z] [runtime-status] [1713668] Attempting to listen to socketPath: /tmp/fire_emu_1713668.sock {"metadata":{"emulator":{"name":"functions"},"function":{"name":"us-central1-getDrinks"},"extension":{},"message":"[runtime-status] [1713668] Attempting to listen to socketPath: /tmp/fire_emu_1713668.sock"}}
[debug] [2022-04-12T04:17:58.768Z] [functions] Runtime ready! Sending request! {"metadata":{"emulator":{"name":"functions"},"message":"[functions] Runtime ready! Sending request!"}}
[debug] [2022-04-12T04:17:58.769Z] [functions] Got req.url=/my-bartender-4c41e/us-central1/getDrinks?params=q, mapping to path=/?params=q {"metadata":{"emulator":{"name":"functions"},"message":"[functions] Got req.url=/my-bartender-4c41e/us-central1/getDrinks?params=q, mapping to path=/?params=q"}}
[debug] [2022-04-12T04:17:58.770Z] [runtime-status] [1713668] Ephemeral server handling GET request {"metadata":{"emulator":{"name":"functions"},"function":{"name":"us-central1-getDrinks"},"extension":{},"message":"[runtime-status] [1713668] Ephemeral server handling GET request"}}
[debug] [2022-04-12T04:17:58.771Z] [runtime-status] [1713668] Ephemeral server survived. {"metadata":{"emulator":{"name":"functions"},"function":{"name":"us-central1-getDrinks"},"extension":{},"message":"[runtime-status] [1713668] Ephemeral server survived."}}
[info] i  functions: Finished "getDrinks" in ~1s {"metadata":{"emulator":{"name":"functions"},"function":{"name":"us-central1-getDrinks"},"extension":{},"message":"Finished \"getDrinks\" in ~1s"}}
[debug] [2022-04-12T04:17:59.954Z] [worker-us-central1-getDrinks-3c01da4b-b17a-47a2-ad0d-d9a5088ebe98]: IDLE {"metadata":{"emulator":{"name":"functions"},"message":"[worker-us-central1-getDrinks-3c01da4b-b17a-47a2-ad0d-d9a5088ebe98]: IDLE"}}
[debug] [2022-04-12T04:17:59.954Z] [work-queue] {"queueLength":0,"workRunningCount":0}
[debug] [2022-04-12T04:35:07.634Z] [work-queue] {"queueLength":1,"workRunningCount":0}
[debug] [2022-04-12T04:35:07.634Z] [work-queue] {"queueLength":0,"workRunningCount":1}
[debug] [2022-04-12T04:35:07.634Z] Accepted request GET /my-bartender-4c41e/us-central1/getDrinks?params=gin --> us-central1-getDrinks
[debug] [2022-04-12T04:35:07.635Z] [worker-pool] submitWork(triggerId=us-central1-getDrinks) {"metadata":{"emulator":{"name":"functions"},"message":"[worker-pool] submitWork(triggerId=us-central1-getDrinks)"}}
[debug] [2022-04-12T04:35:07.635Z] [worker-us-central1-getDrinks-3c01da4b-b17a-47a2-ad0d-d9a5088ebe98]: Assigning socketPath: /tmp/fire_emu_1713668.sock {"metadata":{"emulator":{"name":"functions"},"message":"[worker-us-central1-getDrinks-3c01da4b-b17a-47a2-ad0d-d9a5088ebe98]: Assigning socketPath: /tmp/fire_emu_1713668.sock"}}
[debug] [2022-04-12T04:35:07.635Z] [worker-us-central1-getDrinks-3c01da4b-b17a-47a2-ad0d-d9a5088ebe98]: BUSY {"metadata":{"emulator":{"name":"functions"},"message":"[worker-us-central1-getDrinks-3c01da4b-b17a-47a2-ad0d-d9a5088ebe98]: BUSY"}}
[debug] [2022-04-12T04:35:07.636Z] [runtime-status] [1713668] Beginning invocation function getDrinks! {"metadata":{"emulator":{"name":"functions"},"function":{"name":"us-central1-getDrinks"},"extension":{},"message":"[runtime-status] [1713668] Beginning invocation function getDrinks!"}}
[info] i  functions: Beginning execution of "getDrinks" {"metadata":{"emulator":{"name":"functions"},"function":{"name":"us-central1-getDrinks"},"extension":{},"message":"Beginning execution of \"getDrinks\""}}
[debug] [2022-04-12T04:35:07.637Z] [runtime-status] [1713668] Running getDrinks in signature http {"metadata":{"emulator":{"name":"functions"},"function":{"name":"us-central1-getDrinks"},"extension":{},"message":"[runtime-status] [1713668] Running getDrinks in signature http"}}
[debug] [2022-04-12T04:35:07.637Z] [runtime-status] [1713668] Attempting to listen to socketPath: /tmp/fire_emu_1713668.sock {"metadata":{"emulator":{"name":"functions"},"function":{"name":"us-central1-getDrinks"},"extension":{},"message":"[runtime-status] [1713668] Attempting to listen to socketPath: /tmp/fire_emu_1713668.sock"}}
[debug] [2022-04-12T04:35:07.637Z] [functions] Runtime ready! Sending request! {"metadata":{"emulator":{"name":"functions"},"message":"[functions] Runtime ready! Sending request!"}}
[debug] [2022-04-12T04:35:07.637Z] [functions] Got req.url=/my-bartender-4c41e/us-central1/getDrinks?params=gin, mapping to path=/?params=gin {"metadata":{"emulator":{"name":"functions"},"message":"[functions] Got req.url=/my-bartender-4c41e/us-central1/getDrinks?params=gin, mapping to path=/?params=gin"}}
[debug] [2022-04-12T04:35:07.640Z] [runtime-status] [1713668] Ephemeral server handling GET request {"metadata":{"emulator":{"name":"functions"},"function":{"name":"us-central1-getDrinks"},"extension":{},"message":"[runtime-status] [1713668] Ephemeral server handling GET request"}}
[debug] [2022-04-12T04:35:07.642Z] [runtime-status] [1713668] Ephemeral server survived. {"metadata":{"emulator":{"name":"functions"},"function":{"name":"us-central1-getDrinks"},"extension":{},"message":"[runtime-status] [1713668] Ephemeral server survived."}}
[info] i  functions: Finished "getDrinks" in ~1s {"metadata":{"emulator":{"name":"functions"},"function":{"name":"us-central1-getDrinks"},"extension":{},"message":"Finished \"getDrinks\" in ~1s"}}
[debug] [2022-04-12T04:35:08.682Z] [worker-us-central1-getDrinks-3c01da4b-b17a-47a2-ad0d-d9a5088ebe98]: IDLE {"metadata":{"emulator":{"name":"functions"},"message":"[worker-us-central1-getDrinks-3c01da4b-b17a-47a2-ad0d-d9a5088ebe98]: IDLE"}}
[debug] [2022-04-12T04:35:08.682Z] [work-queue] {"queueLength":0,"workRunningCount":0}
[debug] [2022-04-12T04:35:35.085Z] [work-queue] {"queueLength":1,"workRunningCount":0}
[debug] [2022-04-12T04:35:35.086Z] [work-queue] {"queueLength":0,"workRunningCount":1}
[debug] [2022-04-12T04:35:35.086Z] Accepted request GET /my-bartender-4c41e/us-central1/getDrinks?params=gin --> us-central1-getDrinks
[debug] [2022-04-12T04:35:35.086Z] [worker-pool] submitWork(triggerId=us-central1-getDrinks) {"metadata":{"emulator":{"name":"functions"},"message":"[worker-pool] submitWork(triggerId=us-central1-getDrinks)"}}
[debug] [2022-04-12T04:35:35.086Z] [worker-us-central1-getDrinks-3c01da4b-b17a-47a2-ad0d-d9a5088ebe98]: Assigning socketPath: /tmp/fire_emu_1713668.sock {"metadata":{"emulator":{"name":"functions"},"message":"[worker-us-central1-getDrinks-3c01da4b-b17a-47a2-ad0d-d9a5088ebe98]: Assigning socketPath: /tmp/fire_emu_1713668.sock"}}
[debug] [2022-04-12T04:35:35.086Z] [worker-us-central1-getDrinks-3c01da4b-b17a-47a2-ad0d-d9a5088ebe98]: BUSY {"metadata":{"emulator":{"name":"functions"},"message":"[worker-us-central1-getDrinks-3c01da4b-b17a-47a2-ad0d-d9a5088ebe98]: BUSY"}}
[debug] [2022-04-12T04:35:35.088Z] [runtime-status] [1713668] Beginning invocation function getDrinks! {"metadata":{"emulator":{"name":"functions"},"function":{"name":"us-central1-getDrinks"},"extension":{},"message":"[runtime-status] [1713668] Beginning invocation function getDrinks!"}}
[info] i  functions: Beginning execution of "getDrinks" {"metadata":{"emulator":{"name":"functions"},"function":{"name":"us-central1-getDrinks"},"extension":{},"message":"Beginning execution of \"getDrinks\""}}
[debug] [2022-04-12T04:35:35.088Z] [runtime-status] [1713668] Running getDrinks in signature http {"metadata":{"emulator":{"name":"functions"},"function":{"name":"us-central1-getDrinks"},"extension":{},"message":"[runtime-status] [1713668] Running getDrinks in signature http"}}
[debug] [2022-04-12T04:35:35.088Z] [runtime-status] [1713668] Attempting to listen to socketPath: /tmp/fire_emu_1713668.sock {"metadata":{"emulator":{"name":"functions"},"function":{"name":"us-central1-getDrinks"},"extension":{},"message":"[runtime-status] [1713668] Attempting to listen to socketPath: /tmp/fire_emu_1713668.sock"}}
[debug] [2022-04-12T04:35:35.089Z] [functions] Runtime ready! Sending request! {"metadata":{"emulator":{"name":"functions"},"message":"[functions] Runtime ready! Sending request!"}}
[debug] [2022-04-12T04:35:35.089Z] [functions] Got req.url=/my-bartender-4c41e/us-central1/getDrinks?params=gin, mapping to path=/?params=gin {"metadata":{"emulator":{"name":"functions"},"message":"[functions] Got req.url=/my-bartender-4c41e/us-central1/getDrinks?params=gin, mapping to path=/?params=gin"}}
[debug] [2022-04-12T04:35:35.090Z] [runtime-status] [1713668] Ephemeral server handling GET request {"metadata":{"emulator":{"name":"functions"},"function":{"name":"us-central1-getDrinks"},"extension":{},"message":"[runtime-status] [1713668] Ephemeral server handling GET request"}}
[debug] [2022-04-12T04:35:35.092Z] [runtime-status] [1713668] Ephemeral server survived. {"metadata":{"emulator":{"name":"functions"},"function":{"name":"us-central1-getDrinks"},"extension":{},"message":"[runtime-status] [1713668] Ephemeral server survived."}}
[info] i  functions: Finished "getDrinks" in ~1s {"metadata":{"emulator":{"name":"functions"},"function":{"name":"us-central1-getDrinks"},"extension":{},"message":"Finished \"getDrinks\" in ~1s"}}
[debug] [2022-04-12T04:35:36.123Z] [worker-us-central1-getDrinks-3c01da4b-b17a-47a2-ad0d-d9a5088ebe98]: IDLE {"metadata":{"emulator":{"name":"functions"},"message":"[worker-us-central1-getDrinks-3c01da4b-b17a-47a2-ad0d-d9a5088ebe98]: IDLE"}}
[debug] [2022-04-12T04:35:36.123Z] [work-queue] {"queueLength":0,"workRunningCount":0}
[debug] [2022-04-12T04:35:50.069Z] [work-queue] {"queueLength":1,"workRunningCount":0}
[debug] [2022-04-12T04:35:50.069Z] [work-queue] {"queueLength":0,"workRunningCount":1}
[debug] [2022-04-12T04:35:50.069Z] Accepted request GET /my-bartender-4c41e/us-central1/getDrinks?params=gin --> us-central1-getDrinks
[debug] [2022-04-12T04:35:50.069Z] [worker-pool] submitWork(triggerId=us-central1-getDrinks) {"metadata":{"emulator":{"name":"functions"},"message":"[worker-pool] submitWork(triggerId=us-central1-getDrinks)"}}
[debug] [2022-04-12T04:35:50.069Z] [worker-us-central1-getDrinks-3c01da4b-b17a-47a2-ad0d-d9a5088ebe98]: Assigning socketPath: /tmp/fire_emu_1713668.sock {"metadata":{"emulator":{"name":"functions"},"message":"[worker-us-central1-getDrinks-3c01da4b-b17a-47a2-ad0d-d9a5088ebe98]: Assigning socketPath: /tmp/fire_emu_1713668.sock"}}
[debug] [2022-04-12T04:35:50.070Z] [worker-us-central1-getDrinks-3c01da4b-b17a-47a2-ad0d-d9a5088ebe98]: BUSY {"metadata":{"emulator":{"name":"functions"},"message":"[worker-us-central1-getDrinks-3c01da4b-b17a-47a2-ad0d-d9a5088ebe98]: BUSY"}}
[debug] [2022-04-12T04:35:50.071Z] [runtime-status] [1713668] Beginning invocation function getDrinks! {"metadata":{"emulator":{"name":"functions"},"function":{"name":"us-central1-getDrinks"},"extension":{},"message":"[runtime-status] [1713668] Beginning invocation function getDrinks!"}}
[info] i  functions: Beginning execution of "getDrinks" {"metadata":{"emulator":{"name":"functions"},"function":{"name":"us-central1-getDrinks"},"extension":{},"message":"Beginning execution of \"getDrinks\""}}
[debug] [2022-04-12T04:35:50.071Z] [runtime-status] [1713668] Running getDrinks in signature http {"metadata":{"emulator":{"name":"functions"},"function":{"name":"us-central1-getDrinks"},"extension":{},"message":"[runtime-status] [1713668] Running getDrinks in signature http"}}
[debug] [2022-04-12T04:35:50.073Z] [runtime-status] [1713668] Attempting to listen to socketPath: /tmp/fire_emu_1713668.sock {"metadata":{"emulator":{"name":"functions"},"function":{"name":"us-central1-getDrinks"},"extension":{},"message":"[runtime-status] [1713668] Attempting to listen to socketPath: /tmp/fire_emu_1713668.sock"}}
[debug] [2022-04-12T04:35:50.074Z] [functions] Runtime ready! Sending request! {"metadata":{"emulator":{"name":"functions"},"message":"[functions] Runtime ready! Sending request!"}}
[debug] [2022-04-12T04:35:50.074Z] [functions] Got req.url=/my-bartender-4c41e/us-central1/getDrinks?params=gin, mapping to path=/?params=gin {"metadata":{"emulator":{"name":"functions"},"message":"[functions] Got req.url=/my-bartender-4c41e/us-central1/getDrinks?params=gin, mapping to path=/?params=gin"}}
[debug] [2022-04-12T04:35:50.081Z] [runtime-status] [1713668] Ephemeral server handling GET request {"metadata":{"emulator":{"name":"functions"},"function":{"name":"us-central1-getDrinks"},"extension":{},"message":"[runtime-status] [1713668] Ephemeral server handling GET request"}}
[debug] [2022-04-12T04:35:50.096Z] [runtime-status] [1713668] Ephemeral server survived. {"metadata":{"emulator":{"name":"functions"},"function":{"name":"us-central1-getDrinks"},"extension":{},"message":"[runtime-status] [1713668] Ephemeral server survived."}}
[info] i  functions: Finished "getDrinks" in ~1s {"metadata":{"emulator":{"name":"functions"},"function":{"name":"us-central1-getDrinks"},"extension":{},"message":"Finished \"getDrinks\" in ~1s"}}
[debug] [2022-04-12T04:35:50.870Z] [worker-us-central1-getDrinks-3c01da4b-b17a-47a2-ad0d-d9a5088ebe98]: IDLE {"metadata":{"emulator":{"name":"functions"},"message":"[worker-us-central1-getDrinks-3c01da4b-b17a-47a2-ad0d-d9a5088ebe98]: IDLE"}}
[debug] [2022-04-12T04:35:50.870Z] [work-queue] {"queueLength":0,"workRunningCount":0}
[debug] [2022-04-12T04:35:53.175Z] [work-queue] {"queueLength":1,"workRunningCount":0}
[debug] [2022-04-12T04:35:53.175Z] [work-queue] {"queueLength":0,"workRunningCount":1}
[debug] [2022-04-12T04:35:53.175Z] Accepted request GET /my-bartender-4c41e/us-central1/getDrinks?params=rum --> us-central1-getDrinks
[debug] [2022-04-12T04:35:53.176Z] [worker-pool] submitWork(triggerId=us-central1-getDrinks) {"metadata":{"emulator":{"name":"functions"},"message":"[worker-pool] submitWork(triggerId=us-central1-getDrinks)"}}
[debug] [2022-04-12T04:35:53.176Z] [worker-us-central1-getDrinks-3c01da4b-b17a-47a2-ad0d-d9a5088ebe98]: Assigning socketPath: /tmp/fire_emu_1713668.sock {"metadata":{"emulator":{"name":"functions"},"message":"[worker-us-central1-getDrinks-3c01da4b-b17a-47a2-ad0d-d9a5088ebe98]: Assigning socketPath: /tmp/fire_emu_1713668.sock"}}
[debug] [2022-04-12T04:35:53.176Z] [worker-us-central1-getDrinks-3c01da4b-b17a-47a2-ad0d-d9a5088ebe98]: BUSY {"metadata":{"emulator":{"name":"functions"},"message":"[worker-us-central1-getDrinks-3c01da4b-b17a-47a2-ad0d-d9a5088ebe98]: BUSY"}}
[debug] [2022-04-12T04:35:53.177Z] [runtime-status] [1713668] Beginning invocation function getDrinks! {"metadata":{"emulator":{"name":"functions"},"function":{"name":"us-central1-getDrinks"},"extension":{},"message":"[runtime-status] [1713668] Beginning invocation function getDrinks!"}}
[info] i  functions: Beginning execution of "getDrinks" {"metadata":{"emulator":{"name":"functions"},"function":{"name":"us-central1-getDrinks"},"extension":{},"message":"Beginning execution of \"getDrinks\""}}
[debug] [2022-04-12T04:35:53.178Z] [runtime-status] [1713668] Running getDrinks in signature http {"metadata":{"emulator":{"name":"functions"},"function":{"name":"us-central1-getDrinks"},"extension":{},"message":"[runtime-status] [1713668] Running getDrinks in signature http"}}
[debug] [2022-04-12T04:35:53.178Z] [runtime-status] [1713668] Attempting to listen to socketPath: /tmp/fire_emu_1713668.sock {"metadata":{"emulator":{"name":"functions"},"function":{"name":"us-central1-getDrinks"},"extension":{},"message":"[runtime-status] [1713668] Attempting to listen to socketPath: /tmp/fire_emu_1713668.sock"}}
[debug] [2022-04-12T04:35:53.178Z] [functions] Runtime ready! Sending request! {"metadata":{"emulator":{"name":"functions"},"message":"[functions] Runtime ready! Sending request!"}}
[debug] [2022-04-12T04:35:53.178Z] [functions] Got req.url=/my-bartender-4c41e/us-central1/getDrinks?params=rum, mapping to path=/?params=rum {"metadata":{"emulator":{"name":"functions"},"message":"[functions] Got req.url=/my-bartender-4c41e/us-central1/getDrinks?params=rum, mapping to path=/?params=rum"}}
[debug] [2022-04-12T04:35:53.180Z] [runtime-status] [1713668] Ephemeral server handling GET request {"metadata":{"emulator":{"name":"functions"},"function":{"name":"us-central1-getDrinks"},"extension":{},"message":"[runtime-status] [1713668] Ephemeral server handling GET request"}}
[debug] [2022-04-12T04:35:53.181Z] [runtime-status] [1713668] Ephemeral server survived. {"metadata":{"emulator":{"name":"functions"},"function":{"name":"us-central1-getDrinks"},"extension":{},"message":"[runtime-status] [1713668] Ephemeral server survived."}}
[info] i  functions: Finished "getDrinks" in ~1s {"metadata":{"emulator":{"name":"functions"},"function":{"name":"us-central1-getDrinks"},"extension":{},"message":"Finished \"getDrinks\" in ~1s"}}
[debug] [2022-04-12T04:35:53.940Z] [worker-us-central1-getDrinks-3c01da4b-b17a-47a2-ad0d-d9a5088ebe98]: IDLE {"metadata":{"emulator":{"name":"functions"},"message":"[worker-us-central1-getDrinks-3c01da4b-b17a-47a2-ad0d-d9a5088ebe98]: IDLE"}}
[debug] [2022-04-12T04:35:53.940Z] [work-queue] {"queueLength":0,"workRunningCount":0}
[debug] [2022-04-12T04:35:57.614Z] [work-queue] {"queueLength":1,"workRunningCount":0}
[debug] [2022-04-12T04:35:57.615Z] [work-queue] {"queueLength":0,"workRunningCount":1}
[debug] [2022-04-12T04:35:57.615Z] Accepted request GET /my-bartender-4c41e/us-central1/getDrinks?params=rum --> us-central1-getDrinks
[debug] [2022-04-12T04:35:57.615Z] [worker-pool] submitWork(triggerId=us-central1-getDrinks) {"metadata":{"emulator":{"name":"functions"},"message":"[worker-pool] submitWork(triggerId=us-central1-getDrinks)"}}
[debug] [2022-04-12T04:35:57.615Z] [worker-us-central1-getDrinks-3c01da4b-b17a-47a2-ad0d-d9a5088ebe98]: Assigning socketPath: /tmp/fire_emu_1713668.sock {"metadata":{"emulator":{"name":"functions"},"message":"[worker-us-central1-getDrinks-3c01da4b-b17a-47a2-ad0d-d9a5088ebe98]: Assigning socketPath: /tmp/fire_emu_1713668.sock"}}
[debug] [2022-04-12T04:35:57.615Z] [worker-us-central1-getDrinks-3c01da4b-b17a-47a2-ad0d-d9a5088ebe98]: BUSY {"metadata":{"emulator":{"name":"functions"},"message":"[worker-us-central1-getDrinks-3c01da4b-b17a-47a2-ad0d-d9a5088ebe98]: BUSY"}}
[debug] [2022-04-12T04:35:57.617Z] [runtime-status] [1713668] Beginning invocation function getDrinks! {"metadata":{"emulator":{"name":"functions"},"function":{"name":"us-central1-getDrinks"},"extension":{},"message":"[runtime-status] [1713668] Beginning invocation function getDrinks!"}}
[info] i  functions: Beginning execution of "getDrinks" {"metadata":{"emulator":{"name":"functions"},"function":{"name":"us-central1-getDrinks"},"extension":{},"message":"Beginning execution of \"getDrinks\""}}
[debug] [2022-04-12T04:35:57.617Z] [runtime-status] [1713668] Running getDrinks in signature http {"metadata":{"emulator":{"name":"functions"},"function":{"name":"us-central1-getDrinks"},"extension":{},"message":"[runtime-status] [1713668] Running getDrinks in signature http"}}
[debug] [2022-04-12T04:35:57.617Z] [runtime-status] [1713668] Attempting to listen to socketPath: /tmp/fire_emu_1713668.sock {"metadata":{"emulator":{"name":"functions"},"function":{"name":"us-central1-getDrinks"},"extension":{},"message":"[runtime-status] [1713668] Attempting to listen to socketPath: /tmp/fire_emu_1713668.sock"}}
[debug] [2022-04-12T04:35:57.618Z] [functions] Runtime ready! Sending request! {"metadata":{"emulator":{"name":"functions"},"message":"[functions] Runtime ready! Sending request!"}}
[debug] [2022-04-12T04:35:57.618Z] [functions] Got req.url=/my-bartender-4c41e/us-central1/getDrinks?params=rum, mapping to path=/?params=rum {"metadata":{"emulator":{"name":"functions"},"message":"[functions] Got req.url=/my-bartender-4c41e/us-central1/getDrinks?params=rum, mapping to path=/?params=rum"}}
[debug] [2022-04-12T04:35:57.621Z] [runtime-status] [1713668] Ephemeral server handling GET request {"metadata":{"emulator":{"name":"functions"},"function":{"name":"us-central1-getDrinks"},"extension":{},"message":"[runtime-status] [1713668] Ephemeral server handling GET request"}}
[debug] [2022-04-12T04:35:57.623Z] [runtime-status] [1713668] Ephemeral server survived. {"metadata":{"emulator":{"name":"functions"},"function":{"name":"us-central1-getDrinks"},"extension":{},"message":"[runtime-status] [1713668] Ephemeral server survived."}}
[info] i  functions: Finished "getDrinks" in ~1s {"metadata":{"emulator":{"name":"functions"},"function":{"name":"us-central1-getDrinks"},"extension":{},"message":"Finished \"getDrinks\" in ~1s"}}
[debug] [2022-04-12T04:35:58.647Z] [worker-us-central1-getDrinks-3c01da4b-b17a-47a2-ad0d-d9a5088ebe98]: IDLE {"metadata":{"emulator":{"name":"functions"},"message":"[worker-us-central1-getDrinks-3c01da4b-b17a-47a2-ad0d-d9a5088ebe98]: IDLE"}}
[debug] [2022-04-12T04:35:58.647Z] [work-queue] {"queueLength":0,"workRunningCount":0}
[debug] [2022-04-12T04:37:12.058Z] [work-queue] {"queueLength":1,"workRunningCount":0}
[debug] [2022-04-12T04:37:12.059Z] [work-queue] {"queueLength":0,"workRunningCount":1}
[debug] [2022-04-12T04:37:12.059Z] Accepted request GET /my-bartender-4c41e/us-central1/getDrinks?params=vodka --> us-central1-getDrinks
[debug] [2022-04-12T04:37:12.060Z] [worker-pool] submitWork(triggerId=us-central1-getDrinks) {"metadata":{"emulator":{"name":"functions"},"message":"[worker-pool] submitWork(triggerId=us-central1-getDrinks)"}}
[debug] [2022-04-12T04:37:12.060Z] [worker-us-central1-getDrinks-3c01da4b-b17a-47a2-ad0d-d9a5088ebe98]: Assigning socketPath: /tmp/fire_emu_1713668.sock {"metadata":{"emulator":{"name":"functions"},"message":"[worker-us-central1-getDrinks-3c01da4b-b17a-47a2-ad0d-d9a5088ebe98]: Assigning socketPath: /tmp/fire_emu_1713668.sock"}}
[debug] [2022-04-12T04:37:12.060Z] [worker-us-central1-getDrinks-3c01da4b-b17a-47a2-ad0d-d9a5088ebe98]: BUSY {"metadata":{"emulator":{"name":"functions"},"message":"[worker-us-central1-getDrinks-3c01da4b-b17a-47a2-ad0d-d9a5088ebe98]: BUSY"}}
[debug] [2022-04-12T04:37:12.063Z] [runtime-status] [1713668] Beginning invocation function getDrinks! {"metadata":{"emulator":{"name":"functions"},"function":{"name":"us-central1-getDrinks"},"extension":{},"message":"[runtime-status] [1713668] Beginning invocation function getDrinks!"}}
[info] i  functions: Beginning execution of "getDrinks" {"metadata":{"emulator":{"name":"functions"},"function":{"name":"us-central1-getDrinks"},"extension":{},"message":"Beginning execution of \"getDrinks\""}}
[debug] [2022-04-12T04:37:12.063Z] [runtime-status] [1713668] Running getDrinks in signature http {"metadata":{"emulator":{"name":"functions"},"function":{"name":"us-central1-getDrinks"},"extension":{},"message":"[runtime-status] [1713668] Running getDrinks in signature http"}}
[debug] [2022-04-12T04:37:12.063Z] [runtime-status] [1713668] Attempting to listen to socketPath: /tmp/fire_emu_1713668.sock {"metadata":{"emulator":{"name":"functions"},"function":{"name":"us-central1-getDrinks"},"extension":{},"message":"[runtime-status] [1713668] Attempting to listen to socketPath: /tmp/fire_emu_1713668.sock"}}
[debug] [2022-04-12T04:37:12.064Z] [functions] Runtime ready! Sending request! {"metadata":{"emulator":{"name":"functions"},"message":"[functions] Runtime ready! Sending request!"}}
[debug] [2022-04-12T04:37:12.064Z] [functions] Got req.url=/my-bartender-4c41e/us-central1/getDrinks?params=vodka, mapping to path=/?params=vodka {"metadata":{"emulator":{"name":"functions"},"message":"[functions] Got req.url=/my-bartender-4c41e/us-central1/getDrinks?params=vodka, mapping to path=/?params=vodka"}}
[debug] [2022-04-12T04:37:12.065Z] [runtime-status] [1713668] Ephemeral server handling GET request {"metadata":{"emulator":{"name":"functions"},"function":{"name":"us-central1-getDrinks"},"extension":{},"message":"[runtime-status] [1713668] Ephemeral server handling GET request"}}
[debug] [2022-04-12T04:37:12.066Z] [runtime-status] [1713668] Ephemeral server survived. {"metadata":{"emulator":{"name":"functions"},"function":{"name":"us-central1-getDrinks"},"extension":{},"message":"[runtime-status] [1713668] Ephemeral server survived."}}
[info] i  functions: Finished "getDrinks" in ~1s {"metadata":{"emulator":{"name":"functions"},"function":{"name":"us-central1-getDrinks"},"extension":{},"message":"Finished \"getDrinks\" in ~1s"}}
[debug] [2022-04-12T04:37:12.893Z] [worker-us-central1-getDrinks-3c01da4b-b17a-47a2-ad0d-d9a5088ebe98]: IDLE {"metadata":{"emulator":{"name":"functions"},"message":"[worker-us-central1-getDrinks-3c01da4b-b17a-47a2-ad0d-d9a5088ebe98]: IDLE"}}
[debug] [2022-04-12T04:37:12.893Z] [work-queue] {"queueLength":0,"workRunningCount":0}
[debug] [2022-04-12T04:37:27.958Z] [work-queue] {"queueLength":1,"workRunningCount":0}
[debug] [2022-04-12T04:37:27.959Z] [work-queue] {"queueLength":0,"workRunningCount":1}
[debug] [2022-04-12T04:37:27.959Z] Accepted request GET /my-bartender-4c41e/us-central1/getDrinks?params=vodka --> us-central1-getDrinks
[debug] [2022-04-12T04:37:27.959Z] [worker-pool] submitWork(triggerId=us-central1-getDrinks) {"metadata":{"emulator":{"name":"functions"},"message":"[worker-pool] submitWork(triggerId=us-central1-getDrinks)"}}
[debug] [2022-04-12T04:37:27.959Z] [worker-us-central1-getDrinks-3c01da4b-b17a-47a2-ad0d-d9a5088ebe98]: Assigning socketPath: /tmp/fire_emu_1713668.sock {"metadata":{"emulator":{"name":"functions"},"message":"[worker-us-central1-getDrinks-3c01da4b-b17a-47a2-ad0d-d9a5088ebe98]: Assigning socketPath: /tmp/fire_emu_1713668.sock"}}
[debug] [2022-04-12T04:37:27.959Z] [worker-us-central1-getDrinks-3c01da4b-b17a-47a2-ad0d-d9a5088ebe98]: BUSY {"metadata":{"emulator":{"name":"functions"},"message":"[worker-us-central1-getDrinks-3c01da4b-b17a-47a2-ad0d-d9a5088ebe98]: BUSY"}}
[debug] [2022-04-12T04:37:27.961Z] [runtime-status] [1713668] Beginning invocation function getDrinks! {"metadata":{"emulator":{"name":"functions"},"function":{"name":"us-central1-getDrinks"},"extension":{},"message":"[runtime-status] [1713668] Beginning invocation function getDrinks!"}}
[info] i  functions: Beginning execution of "getDrinks" {"metadata":{"emulator":{"name":"functions"},"function":{"name":"us-central1-getDrinks"},"extension":{},"message":"Beginning execution of \"getDrinks\""}}
[debug] [2022-04-12T04:37:27.962Z] [runtime-status] [1713668] Running getDrinks in signature http {"metadata":{"emulator":{"name":"functions"},"function":{"name":"us-central1-getDrinks"},"extension":{},"message":"[runtime-status] [1713668] Running getDrinks in signature http"}}
[debug] [2022-04-12T04:37:27.962Z] [runtime-status] [1713668] Attempting to listen to socketPath: /tmp/fire_emu_1713668.sock {"metadata":{"emulator":{"name":"functions"},"function":{"name":"us-central1-getDrinks"},"extension":{},"message":"[runtime-status] [1713668] Attempting to listen to socketPath: /tmp/fire_emu_1713668.sock"}}
[debug] [2022-04-12T04:37:27.962Z] [functions] Runtime ready! Sending request! {"metadata":{"emulator":{"name":"functions"},"message":"[functions] Runtime ready! Sending request!"}}
[debug] [2022-04-12T04:37:27.962Z] [functions] Got req.url=/my-bartender-4c41e/us-central1/getDrinks?params=vodka, mapping to path=/?params=vodka {"metadata":{"emulator":{"name":"functions"},"message":"[functions] Got req.url=/my-bartender-4c41e/us-central1/getDrinks?params=vodka, mapping to path=/?params=vodka"}}
[debug] [2022-04-12T04:37:27.964Z] [runtime-status] [1713668] Ephemeral server handling GET request {"metadata":{"emulator":{"name":"functions"},"function":{"name":"us-central1-getDrinks"},"extension":{},"message":"[runtime-status] [1713668] Ephemeral server handling GET request"}}
[debug] [2022-04-12T04:37:27.966Z] [runtime-status] [1713668] Ephemeral server survived. {"metadata":{"emulator":{"name":"functions"},"function":{"name":"us-central1-getDrinks"},"extension":{},"message":"[runtime-status] [1713668] Ephemeral server survived."}}
[info] i  functions: Finished "getDrinks" in ~1s {"metadata":{"emulator":{"name":"functions"},"function":{"name":"us-central1-getDrinks"},"extension":{},"message":"Finished \"getDrinks\" in ~1s"}}
[debug] [2022-04-12T04:37:29.074Z] [worker-us-central1-getDrinks-3c01da4b-b17a-47a2-ad0d-d9a5088ebe98]: IDLE {"metadata":{"emulator":{"name":"functions"},"message":"[worker-us-central1-getDrinks-3c01da4b-b17a-47a2-ad0d-d9a5088ebe98]: IDLE"}}
[debug] [2022-04-12T04:37:29.075Z] [work-queue] {"queueLength":0,"workRunningCount":0}
[debug] [2022-04-12T04:37:40.598Z] [work-queue] {"queueLength":1,"workRunningCount":0}
[debug] [2022-04-12T04:37:40.599Z] [work-queue] {"queueLength":0,"workRunningCount":1}
[debug] [2022-04-12T04:37:40.599Z] Accepted request GET /my-bartender-4c41e/us-central1/getDrinks?params=vodka --> us-central1-getDrinks
[debug] [2022-04-12T04:37:40.599Z] [worker-pool] submitWork(triggerId=us-central1-getDrinks) {"metadata":{"emulator":{"name":"functions"},"message":"[worker-pool] submitWork(triggerId=us-central1-getDrinks)"}}
[debug] [2022-04-12T04:37:40.599Z] [worker-us-central1-getDrinks-3c01da4b-b17a-47a2-ad0d-d9a5088ebe98]: Assigning socketPath: /tmp/fire_emu_1713668.sock {"metadata":{"emulator":{"name":"functions"},"message":"[worker-us-central1-getDrinks-3c01da4b-b17a-47a2-ad0d-d9a5088ebe98]: Assigning socketPath: /tmp/fire_emu_1713668.sock"}}
[debug] [2022-04-12T04:37:40.600Z] [worker-us-central1-getDrinks-3c01da4b-b17a-47a2-ad0d-d9a5088ebe98]: BUSY {"metadata":{"emulator":{"name":"functions"},"message":"[worker-us-central1-getDrinks-3c01da4b-b17a-47a2-ad0d-d9a5088ebe98]: BUSY"}}
[debug] [2022-04-12T04:37:40.602Z] [runtime-status] [1713668] Beginning invocation function getDrinks! {"metadata":{"emulator":{"name":"functions"},"function":{"name":"us-central1-getDrinks"},"extension":{},"message":"[runtime-status] [1713668] Beginning invocation function getDrinks!"}}
[info] i  functions: Beginning execution of "getDrinks" {"metadata":{"emulator":{"name":"functions"},"function":{"name":"us-central1-getDrinks"},"extension":{},"message":"Beginning execution of \"getDrinks\""}}
[debug] [2022-04-12T04:37:40.602Z] [runtime-status] [1713668] Running getDrinks in signature http {"metadata":{"emulator":{"name":"functions"},"function":{"name":"us-central1-getDrinks"},"extension":{},"message":"[runtime-status] [1713668] Running getDrinks in signature http"}}
[debug] [2022-04-12T04:37:40.603Z] [runtime-status] [1713668] Attempting to listen to socketPath: /tmp/fire_emu_1713668.sock {"metadata":{"emulator":{"name":"functions"},"function":{"name":"us-central1-getDrinks"},"extension":{},"message":"[runtime-status] [1713668] Attempting to listen to socketPath: /tmp/fire_emu_1713668.sock"}}
[debug] [2022-04-12T04:37:40.603Z] [functions] Runtime ready! Sending request! {"metadata":{"emulator":{"name":"functions"},"message":"[functions] Runtime ready! Sending request!"}}
[debug] [2022-04-12T04:37:40.603Z] [functions] Got req.url=/my-bartender-4c41e/us-central1/getDrinks?params=vodka, mapping to path=/?params=vodka {"metadata":{"emulator":{"name":"functions"},"message":"[functions] Got req.url=/my-bartender-4c41e/us-central1/getDrinks?params=vodka, mapping to path=/?params=vodka"}}
[debug] [2022-04-12T04:37:40.606Z] [runtime-status] [1713668] Ephemeral server handling GET request {"metadata":{"emulator":{"name":"functions"},"function":{"name":"us-central1-getDrinks"},"extension":{},"message":"[runtime-status] [1713668] Ephemeral server handling GET request"}}
[debug] [2022-04-12T04:37:40.608Z] [runtime-status] [1713668] Ephemeral server survived. {"metadata":{"emulator":{"name":"functions"},"function":{"name":"us-central1-getDrinks"},"extension":{},"message":"[runtime-status] [1713668] Ephemeral server survived."}}
[info] i  functions: Finished "getDrinks" in ~1s {"metadata":{"emulator":{"name":"functions"},"function":{"name":"us-central1-getDrinks"},"extension":{},"message":"Finished \"getDrinks\" in ~1s"}}
[debug] [2022-04-12T04:37:41.357Z] [worker-us-central1-getDrinks-3c01da4b-b17a-47a2-ad0d-d9a5088ebe98]: IDLE {"metadata":{"emulator":{"name":"functions"},"message":"[worker-us-central1-getDrinks-3c01da4b-b17a-47a2-ad0d-d9a5088ebe98]: IDLE"}}
[debug] [2022-04-12T04:37:41.357Z] [work-queue] {"queueLength":0,"workRunningCount":0}
[debug] [2022-04-12T04:39:12.055Z] [work-queue] {"queueLength":1,"workRunningCount":0}
[debug] [2022-04-12T04:39:12.055Z] [work-queue] {"queueLength":0,"workRunningCount":1}
[debug] [2022-04-12T04:39:12.055Z] Accepted request GET /my-bartender-4c41e/us-central1/getDrinks?params=gin --> us-central1-getDrinks
[debug] [2022-04-12T04:39:12.055Z] [worker-pool] submitWork(triggerId=us-central1-getDrinks) {"metadata":{"emulator":{"name":"functions"},"message":"[worker-pool] submitWork(triggerId=us-central1-getDrinks)"}}
[debug] [2022-04-12T04:39:12.055Z] [worker-us-central1-getDrinks-3c01da4b-b17a-47a2-ad0d-d9a5088ebe98]: Assigning socketPath: /tmp/fire_emu_1713668.sock {"metadata":{"emulator":{"name":"functions"},"message":"[worker-us-central1-getDrinks-3c01da4b-b17a-47a2-ad0d-d9a5088ebe98]: Assigning socketPath: /tmp/fire_emu_1713668.sock"}}
[debug] [2022-04-12T04:39:12.055Z] [worker-us-central1-getDrinks-3c01da4b-b17a-47a2-ad0d-d9a5088ebe98]: BUSY {"metadata":{"emulator":{"name":"functions"},"message":"[worker-us-central1-getDrinks-3c01da4b-b17a-47a2-ad0d-d9a5088ebe98]: BUSY"}}
[debug] [2022-04-12T04:39:12.057Z] [runtime-status] [1713668] Beginning invocation function getDrinks! {"metadata":{"emulator":{"name":"functions"},"function":{"name":"us-central1-getDrinks"},"extension":{},"message":"[runtime-status] [1713668] Beginning invocation function getDrinks!"}}
[info] i  functions: Beginning execution of "getDrinks" {"metadata":{"emulator":{"name":"functions"},"function":{"name":"us-central1-getDrinks"},"extension":{},"message":"Beginning execution of \"getDrinks\""}}
[debug] [2022-04-12T04:39:12.057Z] [runtime-status] [1713668] Running getDrinks in signature http {"metadata":{"emulator":{"name":"functions"},"function":{"name":"us-central1-getDrinks"},"extension":{},"message":"[runtime-status] [1713668] Running getDrinks in signature http"}}
[debug] [2022-04-12T04:39:12.057Z] [runtime-status] [1713668] Attempting to listen to socketPath: /tmp/fire_emu_1713668.sock {"metadata":{"emulator":{"name":"functions"},"function":{"name":"us-central1-getDrinks"},"extension":{},"message":"[runtime-status] [1713668] Attempting to listen to socketPath: /tmp/fire_emu_1713668.sock"}}
[debug] [2022-04-12T04:39:12.058Z] [functions] Runtime ready! Sending request! {"metadata":{"emulator":{"name":"functions"},"message":"[functions] Runtime ready! Sending request!"}}
[debug] [2022-04-12T04:39:12.058Z] [functions] Got req.url=/my-bartender-4c41e/us-central1/getDrinks?params=gin, mapping to path=/?params=gin {"metadata":{"emulator":{"name":"functions"},"message":"[functions] Got req.url=/my-bartender-4c41e/us-central1/getDrinks?params=gin, mapping to path=/?params=gin"}}
[debug] [2022-04-12T04:39:12.060Z] [runtime-status] [1713668] Ephemeral server handling GET request {"metadata":{"emulator":{"name":"functions"},"function":{"name":"us-central1-getDrinks"},"extension":{},"message":"[runtime-status] [1713668] Ephemeral server handling GET request"}}
[debug] [2022-04-12T04:39:12.061Z] [runtime-status] [1713668] Ephemeral server survived. {"metadata":{"emulator":{"name":"functions"},"function":{"name":"us-central1-getDrinks"},"extension":{},"message":"[runtime-status] [1713668] Ephemeral server survived."}}
[info] i  functions: Finished "getDrinks" in ~1s {"metadata":{"emulator":{"name":"functions"},"function":{"name":"us-central1-getDrinks"},"extension":{},"message":"Finished \"getDrinks\" in ~1s"}}
[debug] [2022-04-12T04:39:12.908Z] [worker-us-central1-getDrinks-3c01da4b-b17a-47a2-ad0d-d9a5088ebe98]: IDLE {"metadata":{"emulator":{"name":"functions"},"message":"[worker-us-central1-getDrinks-3c01da4b-b17a-47a2-ad0d-d9a5088ebe98]: IDLE"}}
[debug] [2022-04-12T04:39:12.908Z] [work-queue] {"queueLength":0,"workRunningCount":0}
[debug] [2022-04-12T04:39:31.142Z] [work-queue] {"queueLength":1,"workRunningCount":0}
[debug] [2022-04-12T04:39:31.143Z] [work-queue] {"queueLength":0,"workRunningCount":1}
[debug] [2022-04-12T04:39:31.143Z] Accepted request GET /my-bartender-4c41e/us-central1/getDrinks?params=gin --> us-central1-getDrinks
[debug] [2022-04-12T04:39:31.143Z] [worker-pool] submitWork(triggerId=us-central1-getDrinks) {"metadata":{"emulator":{"name":"functions"},"message":"[worker-pool] submitWork(triggerId=us-central1-getDrinks)"}}
[debug] [2022-04-12T04:39:31.143Z] [worker-us-central1-getDrinks-3c01da4b-b17a-47a2-ad0d-d9a5088ebe98]: Assigning socketPath: /tmp/fire_emu_1713668.sock {"metadata":{"emulator":{"name":"functions"},"message":"[worker-us-central1-getDrinks-3c01da4b-b17a-47a2-ad0d-d9a5088ebe98]: Assigning socketPath: /tmp/fire_emu_1713668.sock"}}
[debug] [2022-04-12T04:39:31.143Z] [worker-us-central1-getDrinks-3c01da4b-b17a-47a2-ad0d-d9a5088ebe98]: BUSY {"metadata":{"emulator":{"name":"functions"},"message":"[worker-us-central1-getDrinks-3c01da4b-b17a-47a2-ad0d-d9a5088ebe98]: BUSY"}}
[debug] [2022-04-12T04:39:31.146Z] [runtime-status] [1713668] Beginning invocation function getDrinks! {"metadata":{"emulator":{"name":"functions"},"function":{"name":"us-central1-getDrinks"},"extension":{},"message":"[runtime-status] [1713668] Beginning invocation function getDrinks!"}}
[info] i  functions: Beginning execution of "getDrinks" {"metadata":{"emulator":{"name":"functions"},"function":{"name":"us-central1-getDrinks"},"extension":{},"message":"Beginning execution of \"getDrinks\""}}
[debug] [2022-04-12T04:39:31.147Z] [runtime-status] [1713668] Running getDrinks in signature http {"metadata":{"emulator":{"name":"functions"},"function":{"name":"us-central1-getDrinks"},"extension":{},"message":"[runtime-status] [1713668] Running getDrinks in signature http"}}
[debug] [2022-04-12T04:39:31.147Z] [runtime-status] [1713668] Attempting to listen to socketPath: /tmp/fire_emu_1713668.sock {"metadata":{"emulator":{"name":"functions"},"function":{"name":"us-central1-getDrinks"},"extension":{},"message":"[runtime-status] [1713668] Attempting to listen to socketPath: /tmp/fire_emu_1713668.sock"}}
[debug] [2022-04-12T04:39:31.148Z] [functions] Runtime ready! Sending request! {"metadata":{"emulator":{"name":"functions"},"message":"[functions] Runtime ready! Sending request!"}}
[debug] [2022-04-12T04:39:31.148Z] [functions] Got req.url=/my-bartender-4c41e/us-central1/getDrinks?params=gin, mapping to path=/?params=gin {"metadata":{"emulator":{"name":"functions"},"message":"[functions] Got req.url=/my-bartender-4c41e/us-central1/getDrinks?params=gin, mapping to path=/?params=gin"}}
[debug] [2022-04-12T04:39:31.149Z] [runtime-status] [1713668] Ephemeral server handling GET request {"metadata":{"emulator":{"name":"functions"},"function":{"name":"us-central1-getDrinks"},"extension":{},"message":"[runtime-status] [1713668] Ephemeral server handling GET request"}}
[debug] [2022-04-12T04:39:31.151Z] [runtime-status] [1713668] Ephemeral server survived. {"metadata":{"emulator":{"name":"functions"},"function":{"name":"us-central1-getDrinks"},"extension":{},"message":"[runtime-status] [1713668] Ephemeral server survived."}}
[info] i  functions: Finished "getDrinks" in ~1s {"metadata":{"emulator":{"name":"functions"},"function":{"name":"us-central1-getDrinks"},"extension":{},"message":"Finished \"getDrinks\" in ~1s"}}
[debug] [2022-04-12T04:39:32.163Z] [worker-us-central1-getDrinks-3c01da4b-b17a-47a2-ad0d-d9a5088ebe98]: IDLE {"metadata":{"emulator":{"name":"functions"},"message":"[worker-us-central1-getDrinks-3c01da4b-b17a-47a2-ad0d-d9a5088ebe98]: IDLE"}}
[debug] [2022-04-12T04:39:32.163Z] [work-queue] {"queueLength":0,"workRunningCount":0}
